<?xml version="1.0" encoding="UTF-8"?>
<!-- Generated by org.testng.reporters.JUnitXMLReporter -->
<testsuite hostname="samikshagupta" ignored="12" name="Test" tests="26" failures="3" timestamp="05 Jul 2021 11:41:55 GMT" time="366.725" errors="0">
  <testcase name="offers" time="11.864" classname="com.redbus.tests.BusHireTest"/>
  <testcase name="invalid_searchCheck" time="11.664" classname="com.redbus.tests.SearchTest"/>
  <testcase name="invalid_searchCheck2" time="7.078" classname="com.redbus.tests.SearchTest"/>
  <testcase name="modifySearch" time="8.662" classname="com.redbus.tests.SearchTest"/>
  <testcase name="valid_search" time="12.013" classname="com.redbus.tests.SearchTest"/>
  <testcase name="valid_tofilterSearches" time="9.192" classname="com.redbus.tests.SearchTest"/>
  <testcase name="valid_toselectSeat" time="11.518" classname="com.redbus.tests.SearchTest"/>
  <testcase name="cancelTicket" time="4.421" classname="com.redbus.tests.BusTicketTest"/>
  <testcase name="printSmsTicket" time="4.243" classname="com.redbus.tests.BusTicketTest"/>
  <testcase name="invalid_todownloadappViaLink" time="0.954" classname="com.redbus.tests.HomePageTest"/>
  <testcase name="invalid_todownloadappViaLink1" time="0.676" classname="com.redbus.tests.HomePageTest"/>
  <testcase name="rbuscares_donateanonymously" time="2.448" classname="com.redbus.tests.HomePageTest"/>
  <testcase name="rbuscares_navigatePaymentGateway" time="9.708" classname="com.redbus.tests.HomePageTest"/>
  <testcase name="rbuscares_toDonateCustomAmount" time="2.09" classname="com.redbus.tests.HomePageTest"/>
  <testcase name="invalid_login_PhoneNumber" time="2.813" classname="com.redbus.tests.LoginTest"/>
  <testcase name="valid_loginCheck" time="32.375" classname="com.redbus.tests.LoginTest">
    <failure type="org.openqa.selenium.TimeoutException" message="Expected condition failed: waiting for element to be clickable: [[ChromeDriver: chrome on WINDOWS (8a63147d090ffa3bfe8b29c0e291ace2)] -&amp;gt; id: g_id_onload] (tried for 30 second(s) with 500 milliseconds interval)
Build info: version: &amp;apos;3.141.59&amp;apos;, revision: &amp;apos;e82be7d358&amp;apos;, time: &amp;apos;2018-11-14T08:17:03&amp;apos;
System info: host: &amp;apos;SAMIKSHAGUPTA&amp;apos;, ip: &amp;apos;172.17.208.1&amp;apos;, os.name: &amp;apos;Windows 10&amp;apos;, os.arch: &amp;apos;amd64&amp;apos;, os.version: &amp;apos;10.0&amp;apos;, java.version: &amp;apos;1.8.0_291&amp;apos;
Driver info: org.openqa.selenium.chrome.ChromeDriver
Capabilities {acceptInsecureCerts: false, browserName: chrome, browserVersion: 91.0.4472.124, chrome: {chromedriverVersion: 91.0.4472.101 (af52a90bf870..., userDataDir: C:\Users\SAMIKS~1\AppData\L...}, goog:chromeOptions: {debuggerAddress: localhost:55033}, javascriptEnabled: true, networkConnectionEnabled: false, pageLoadStrategy: normal, platform: WINDOWS, platformName: WINDOWS, proxy: Proxy(), setWindowRect: true, strictFileInteractability: false, timeouts: {implicit: 0, pageLoad: 300000, script: 30000}, unhandledPromptBehavior: dismiss and notify, webauthn:extension:largeBlob: true, webauthn:virtualAuthenticators: true}
Session ID: 8a63147d090ffa3bfe8b29c0e291ace2">
      <![CDATA[org.openqa.selenium.TimeoutException: Expected condition failed: waiting for element to be clickable: [[ChromeDriver: chrome on WINDOWS (8a63147d090ffa3bfe8b29c0e291ace2)] -> id: g_id_onload] (tried for 30 second(s) with 500 milliseconds interval)
Build info: version: '3.141.59', revision: 'e82be7d358', time: '2018-11-14T08:17:03'
System info: host: 'SAMIKSHAGUPTA', ip: '172.17.208.1', os.name: 'Windows 10', os.arch: 'amd64', os.version: '10.0', java.version: '1.8.0_291'
Driver info: org.openqa.selenium.chrome.ChromeDriver
Capabilities {acceptInsecureCerts: false, browserName: chrome, browserVersion: 91.0.4472.124, chrome: {chromedriverVersion: 91.0.4472.101 (af52a90bf870..., userDataDir: C:\Users\SAMIKS~1\AppData\L...}, goog:chromeOptions: {debuggerAddress: localhost:55033}, javascriptEnabled: true, networkConnectionEnabled: false, pageLoadStrategy: normal, platform: WINDOWS, platformName: WINDOWS, proxy: Proxy(), setWindowRect: true, strictFileInteractability: false, timeouts: {implicit: 0, pageLoad: 300000, script: 30000}, unhandledPromptBehavior: dismiss and notify, webauthn:extension:largeBlob: true, webauthn:virtualAuthenticators: true}
Session ID: 8a63147d090ffa3bfe8b29c0e291ace2
	at org.openqa.selenium.support.ui.WebDriverWait.timeoutException(WebDriverWait.java:95)
	at org.openqa.selenium.support.ui.FluentWait.until(FluentWait.java:272)
	at com.redbus.pages.LoginPage.clickOn(LoginPage.java:102)
	at com.redbus.tests.LoginTest.valid_loginCheck(LoginTest.java:59)
... Removed 25 stack frames]]>
    </failure>
  </testcase> <!-- valid_loginCheck -->
  <testcase name="valid_login_wrongEmail" time="32.932" classname="com.redbus.tests.LoginTest">
    <failure type="org.openqa.selenium.TimeoutException" message="Expected condition failed: waiting for element to be clickable: [[ChromeDriver: chrome on WINDOWS (3dc62faf49e31702a8d22c3208dc893b)] -&amp;gt; id: g_id_onload] (tried for 30 second(s) with 500 milliseconds interval)
Build info: version: &amp;apos;3.141.59&amp;apos;, revision: &amp;apos;e82be7d358&amp;apos;, time: &amp;apos;2018-11-14T08:17:03&amp;apos;
System info: host: &amp;apos;SAMIKSHAGUPTA&amp;apos;, ip: &amp;apos;172.17.208.1&amp;apos;, os.name: &amp;apos;Windows 10&amp;apos;, os.arch: &amp;apos;amd64&amp;apos;, os.version: &amp;apos;10.0&amp;apos;, java.version: &amp;apos;1.8.0_291&amp;apos;
Driver info: org.openqa.selenium.chrome.ChromeDriver
Capabilities {acceptInsecureCerts: false, browserName: chrome, browserVersion: 91.0.4472.124, chrome: {chromedriverVersion: 91.0.4472.101 (af52a90bf870..., userDataDir: C:\Users\SAMIKS~1\AppData\L...}, goog:chromeOptions: {debuggerAddress: localhost:52753}, javascriptEnabled: true, networkConnectionEnabled: false, pageLoadStrategy: normal, platform: WINDOWS, platformName: WINDOWS, proxy: Proxy(), setWindowRect: true, strictFileInteractability: false, timeouts: {implicit: 0, pageLoad: 300000, script: 30000}, unhandledPromptBehavior: dismiss and notify, webauthn:extension:largeBlob: true, webauthn:virtualAuthenticators: true}
Session ID: 3dc62faf49e31702a8d22c3208dc893b">
      <![CDATA[org.openqa.selenium.TimeoutException: Expected condition failed: waiting for element to be clickable: [[ChromeDriver: chrome on WINDOWS (3dc62faf49e31702a8d22c3208dc893b)] -> id: g_id_onload] (tried for 30 second(s) with 500 milliseconds interval)
Build info: version: '3.141.59', revision: 'e82be7d358', time: '2018-11-14T08:17:03'
System info: host: 'SAMIKSHAGUPTA', ip: '172.17.208.1', os.name: 'Windows 10', os.arch: 'amd64', os.version: '10.0', java.version: '1.8.0_291'
Driver info: org.openqa.selenium.chrome.ChromeDriver
Capabilities {acceptInsecureCerts: false, browserName: chrome, browserVersion: 91.0.4472.124, chrome: {chromedriverVersion: 91.0.4472.101 (af52a90bf870..., userDataDir: C:\Users\SAMIKS~1\AppData\L...}, goog:chromeOptions: {debuggerAddress: localhost:52753}, javascriptEnabled: true, networkConnectionEnabled: false, pageLoadStrategy: normal, platform: WINDOWS, platformName: WINDOWS, proxy: Proxy(), setWindowRect: true, strictFileInteractability: false, timeouts: {implicit: 0, pageLoad: 300000, script: 30000}, unhandledPromptBehavior: dismiss and notify, webauthn:extension:largeBlob: true, webauthn:virtualAuthenticators: true}
Session ID: 3dc62faf49e31702a8d22c3208dc893b
	at org.openqa.selenium.support.ui.WebDriverWait.timeoutException(WebDriverWait.java:95)
	at org.openqa.selenium.support.ui.FluentWait.until(FluentWait.java:272)
	at com.redbus.pages.LoginPage.clickOn(LoginPage.java:102)
	at com.redbus.tests.LoginTest.valid_login_wrongEmail(LoginTest.java:182)
... Removed 25 stack frames]]>
    </failure>
  </testcase> <!-- valid_login_wrongEmail -->
  <testcase name="valid_login_wrongPassword" time="31.801" classname="com.redbus.tests.LoginTest">
    <failure type="org.openqa.selenium.TimeoutException" message="Expected condition failed: waiting for element to be clickable: [[ChromeDriver: chrome on WINDOWS (13aa9466d1339cd94d7bc9e0577dcf3f)] -&amp;gt; id: g_id_onload] (tried for 30 second(s) with 500 milliseconds interval)
Build info: version: &amp;apos;3.141.59&amp;apos;, revision: &amp;apos;e82be7d358&amp;apos;, time: &amp;apos;2018-11-14T08:17:03&amp;apos;
System info: host: &amp;apos;SAMIKSHAGUPTA&amp;apos;, ip: &amp;apos;172.17.208.1&amp;apos;, os.name: &amp;apos;Windows 10&amp;apos;, os.arch: &amp;apos;amd64&amp;apos;, os.version: &amp;apos;10.0&amp;apos;, java.version: &amp;apos;1.8.0_291&amp;apos;
Driver info: org.openqa.selenium.chrome.ChromeDriver
Capabilities {acceptInsecureCerts: false, browserName: chrome, browserVersion: 91.0.4472.124, chrome: {chromedriverVersion: 91.0.4472.101 (af52a90bf870..., userDataDir: C:\Users\SAMIKS~1\AppData\L...}, goog:chromeOptions: {debuggerAddress: localhost:63857}, javascriptEnabled: true, networkConnectionEnabled: false, pageLoadStrategy: normal, platform: WINDOWS, platformName: WINDOWS, proxy: Proxy(), setWindowRect: true, strictFileInteractability: false, timeouts: {implicit: 0, pageLoad: 300000, script: 30000}, unhandledPromptBehavior: dismiss and notify, webauthn:extension:largeBlob: true, webauthn:virtualAuthenticators: true}
Session ID: 13aa9466d1339cd94d7bc9e0577dcf3f">
      <![CDATA[org.openqa.selenium.TimeoutException: Expected condition failed: waiting for element to be clickable: [[ChromeDriver: chrome on WINDOWS (13aa9466d1339cd94d7bc9e0577dcf3f)] -> id: g_id_onload] (tried for 30 second(s) with 500 milliseconds interval)
Build info: version: '3.141.59', revision: 'e82be7d358', time: '2018-11-14T08:17:03'
System info: host: 'SAMIKSHAGUPTA', ip: '172.17.208.1', os.name: 'Windows 10', os.arch: 'amd64', os.version: '10.0', java.version: '1.8.0_291'
Driver info: org.openqa.selenium.chrome.ChromeDriver
Capabilities {acceptInsecureCerts: false, browserName: chrome, browserVersion: 91.0.4472.124, chrome: {chromedriverVersion: 91.0.4472.101 (af52a90bf870..., userDataDir: C:\Users\SAMIKS~1\AppData\L...}, goog:chromeOptions: {debuggerAddress: localhost:63857}, javascriptEnabled: true, networkConnectionEnabled: false, pageLoadStrategy: normal, platform: WINDOWS, platformName: WINDOWS, proxy: Proxy(), setWindowRect: true, strictFileInteractability: false, timeouts: {implicit: 0, pageLoad: 300000, script: 30000}, unhandledPromptBehavior: dismiss and notify, webauthn:extension:largeBlob: true, webauthn:virtualAuthenticators: true}
Session ID: 13aa9466d1339cd94d7bc9e0577dcf3f
	at org.openqa.selenium.support.ui.WebDriverWait.timeoutException(WebDriverWait.java:95)
	at org.openqa.selenium.support.ui.FluentWait.until(FluentWait.java:272)
	at com.redbus.pages.LoginPage.clickOn(LoginPage.java:102)
	at com.redbus.tests.LoginTest.valid_login_wrongPassword(LoginTest.java:251)
... Removed 25 stack frames]]>
    </failure>
  </testcase> <!-- valid_login_wrongPassword -->
  <testcase name="invalid_togetETicket" time="2.067" classname="com.redbus.tests.TicketDetailsTest"/>
  <testcase name="invalid_togetETicket1" time="2.156" classname="com.redbus.tests.TicketDetailsTest"/>
  <testcase name="invalid_togetETicket2" time="1.49" classname="com.redbus.tests.TicketDetailsTest"/>
  <testcase name="valid_togetETicket" time="2.305" classname="com.redbus.tests.TicketDetailsTest"/>
  <testcase name="busHire" time="2.725" classname="com.redbus.tests.NavBarTest"/>
  <testcase name="busTicket" time="2.449" classname="com.redbus.tests.NavBarTest"/>
  <testcase name="rPool" time="1.122" classname="com.redbus.tests.NavBarTest"/>
  <testcase name="redBusLogo" time="0.729" classname="com.redbus.tests.NavBarTest"/>
  <testcase name="@AfterSuite endReport" time="0.0" classname="com.redbus.utils.ExtentReport">
    <ignored/>
  </testcase> <!-- @AfterSuite endReport -->
  <testcase name="@AfterSuite endReport" time="0.0" classname="com.redbus.utils.ExtentReport">
    <ignored/>
  </testcase> <!-- @AfterSuite endReport -->
  <testcase name="@AfterSuite endReport" time="0.0" classname="com.redbus.utils.ExtentReport">
    <ignored/>
  </testcase> <!-- @AfterSuite endReport -->
  <testcase name="@AfterSuite endReport" time="0.0" classname="com.redbus.utils.ExtentReport">
    <ignored/>
  </testcase> <!-- @AfterSuite endReport -->
  <testcase name="@AfterSuite endReport" time="0.0" classname="com.redbus.utils.ExtentReport">
    <ignored/>
  </testcase> <!-- @AfterSuite endReport -->
  <testcase name="@AfterSuite endReport" time="0.0" classname="com.redbus.utils.ExtentReport">
    <ignored/>
  </testcase> <!-- @AfterSuite endReport -->
  <testcase name="@BeforeSuite setExtent" time="0.0" classname="com.redbus.utils.ExtentReport">
    <ignored/>
  </testcase> <!-- @BeforeSuite setExtent -->
  <testcase name="@BeforeSuite setExtent" time="0.0" classname="com.redbus.utils.ExtentReport">
    <ignored/>
  </testcase> <!-- @BeforeSuite setExtent -->
  <testcase name="@BeforeSuite setExtent" time="0.0" classname="com.redbus.utils.ExtentReport">
    <ignored/>
  </testcase> <!-- @BeforeSuite setExtent -->
  <testcase name="@BeforeSuite setExtent" time="0.0" classname="com.redbus.utils.ExtentReport">
    <ignored/>
  </testcase> <!-- @BeforeSuite setExtent -->
  <testcase name="@BeforeSuite setExtent" time="0.0" classname="com.redbus.utils.ExtentReport">
    <ignored/>
  </testcase> <!-- @BeforeSuite setExtent -->
  <testcase name="@BeforeSuite setExtent" time="0.0" classname="com.redbus.utils.ExtentReport">
    <ignored/>
  </testcase> <!-- @BeforeSuite setExtent -->
</testsuite> <!-- Test -->
