<html>
<head>
<title>TestNG:  Test</title>
<link href="../testng.css" rel="stylesheet" type="text/css" />
<link href="../my-testng.css" rel="stylesheet" type="text/css" />

<style type="text/css">
.log { display: none;} 
.stack-trace { display: none;} 
</style>
<script type="text/javascript">
<!--
function flip(e) {
  current = e.style.display;
  if (current == 'block') {
    e.style.display = 'none';
    return 0;
  }
  else {
    e.style.display = 'block';
    return 1;
  }
}

function toggleBox(szDivId, elem, msg1, msg2)
{
  var res = -1;  if (document.getElementById) {
    res = flip(document.getElementById(szDivId));
  }
  else if (document.all) {
    // this is the way old msie versions work
    res = flip(document.all[szDivId]);
  }
  if(elem) {
    if(res == 0) elem.innerHTML = msg1; else elem.innerHTML = msg2;
  }

}

function toggleAllBoxes() {
  if (document.getElementsByTagName) {
    d = document.getElementsByTagName('div');
    for (i = 0; i < d.length; i++) {
      if (d[i].className == 'log') {
        flip(d[i]);
      }
    }
  }
}

// -->
</script>

</head>
<body>
<h2 align='center'>Test</h2><table border='1' align="center">
<tr>
<td>Tests passed/Failed/Skipped:</td><td>23/3/0</td>
</tr><tr>
<td>Started on:</td><td>Mon Jul 05 17:05:48 IST 2021</td>
</tr>
<tr><td>Total time:</td><td>366 seconds (366725 ms)</td>
</tr><tr>
<td>Included groups:</td><td></td>
</tr><tr>
<td>Excluded groups:</td><td></td>
</tr>
</table><p/>
<small><i>(Hover the method name to see the test class name)</i></small><p/>
<table width='100%' border='1' class='invocation-failed'>
<tr><td colspan='4' align='center'><b>FAILED TESTS</b></td></tr>
<tr><td><b>Test method</b></td>
<td width="30%"><b>Exception</b></td>
<td width="10%"><b>Time (seconds)</b></td>
<td><b>Instance</b></td>
</tr>
<tr>
<td title='com.redbus.tests.LoginTest.valid_loginCheck()'><b>valid_loginCheck</b><br>Test class: com.redbus.tests.LoginTest</td>
<td><div><pre>org.openqa.selenium.TimeoutException: Expected condition failed: waiting for element to be clickable: [[ChromeDriver: chrome on WINDOWS (8a63147d090ffa3bfe8b29c0e291ace2)] -&gt; id: g_id_onload] (tried for 30 second(s) with 500 milliseconds interval)
Build info: version: &apos;3.141.59&apos;, revision: &apos;e82be7d358&apos;, time: &apos;2018-11-14T08:17:03&apos;
System info: host: &apos;SAMIKSHAGUPTA&apos;, ip: &apos;172.17.208.1&apos;, os.name: &apos;Windows 10&apos;, os.arch: &apos;amd64&apos;, os.version: &apos;10.0&apos;, java.version: &apos;1.8.0_291&apos;
Driver info: org.openqa.selenium.chrome.ChromeDriver
Capabilities {acceptInsecureCerts: false, browserName: chrome, browserVersion: 91.0.4472.124, chrome: {chromedriverVersion: 91.0.4472.101 (af52a90bf870..., userDataDir: C:\Users\SAMIKS~1\AppData\L...}, goog:chromeOptions: {debuggerAddress: localhost:55033}, javascriptEnabled: true, networkConnectionEnabled: false, pageLoadStrategy: normal, platform: WINDOWS, platformName: WINDOWS, proxy: Proxy(), setWindowRect: true, strictFileInteractability: false, timeouts: {implicit: 0, pageLoad: 300000, script: 30000}, unhandledPromptBehavior: dismiss and notify, webauthn:extension:largeBlob: true, webauthn:virtualAuthenticators: true}
Session ID: 8a63147d090ffa3bfe8b29c0e291ace2
	at org.openqa.selenium.support.ui.WebDriverWait.timeoutException(WebDriverWait.java:95)
	at org.openqa.selenium.support.ui.FluentWait.until(FluentWait.java:272)
	at com.redbus.pages.LoginPage.clickOn(LoginPage.java:102)
	at com.redbus.tests.LoginTest.valid_loginCheck(LoginTest.java:59)
... Removed 25 stack frames</pre></div><a href='#' onClick='toggleBox("stack-trace1314688755", this, "Click to show all stack frames", "Click to hide stack frames")'>Click to show all stack frames</a>
<div class='stack-trace' id='stack-trace1314688755'><pre>org.openqa.selenium.TimeoutException: Expected condition failed: waiting for element to be clickable: [[ChromeDriver: chrome on WINDOWS (8a63147d090ffa3bfe8b29c0e291ace2)] -&gt; id: g_id_onload] (tried for 30 second(s) with 500 milliseconds interval)
Build info: version: &apos;3.141.59&apos;, revision: &apos;e82be7d358&apos;, time: &apos;2018-11-14T08:17:03&apos;
System info: host: &apos;SAMIKSHAGUPTA&apos;, ip: &apos;172.17.208.1&apos;, os.name: &apos;Windows 10&apos;, os.arch: &apos;amd64&apos;, os.version: &apos;10.0&apos;, java.version: &apos;1.8.0_291&apos;
Driver info: org.openqa.selenium.chrome.ChromeDriver
Capabilities {acceptInsecureCerts: false, browserName: chrome, browserVersion: 91.0.4472.124, chrome: {chromedriverVersion: 91.0.4472.101 (af52a90bf870..., userDataDir: C:\Users\SAMIKS~1\AppData\L...}, goog:chromeOptions: {debuggerAddress: localhost:55033}, javascriptEnabled: true, networkConnectionEnabled: false, pageLoadStrategy: normal, platform: WINDOWS, platformName: WINDOWS, proxy: Proxy(), setWindowRect: true, strictFileInteractability: false, timeouts: {implicit: 0, pageLoad: 300000, script: 30000}, unhandledPromptBehavior: dismiss and notify, webauthn:extension:largeBlob: true, webauthn:virtualAuthenticators: true}
Session ID: 8a63147d090ffa3bfe8b29c0e291ace2
	at org.openqa.selenium.support.ui.WebDriverWait.timeoutException(WebDriverWait.java:95)
	at org.openqa.selenium.support.ui.FluentWait.until(FluentWait.java:272)
	at com.redbus.pages.LoginPage.clickOn(LoginPage.java:102)
	at com.redbus.tests.LoginTest.valid_loginCheck(LoginTest.java:59)
	at sun.reflect.NativeMethodAccessorImpl.invoke0(Native Method)
	at sun.reflect.NativeMethodAccessorImpl.invoke(NativeMethodAccessorImpl.java:62)
	at sun.reflect.DelegatingMethodAccessorImpl.invoke(DelegatingMethodAccessorImpl.java:43)
	at java.lang.reflect.Method.invoke(Method.java:498)
	at org.testng.internal.MethodInvocationHelper.invokeMethod(MethodInvocationHelper.java:108)
	at org.testng.internal.Invoker.invokeMethod(Invoker.java:661)
	at org.testng.internal.Invoker.invokeTestMethod(Invoker.java:869)
	at org.testng.internal.Invoker.invokeTestMethods(Invoker.java:1193)
	at org.testng.internal.TestMethodWorker.invokeTestMethods(TestMethodWorker.java:126)
	at org.testng.internal.TestMethodWorker.run(TestMethodWorker.java:109)
	at org.testng.TestRunner.privateRun(TestRunner.java:744)
	at org.testng.TestRunner.run(TestRunner.java:602)
	at org.testng.SuiteRunner.runTest(SuiteRunner.java:380)
	at org.testng.SuiteRunner.runSequentially(SuiteRunner.java:375)
	at org.testng.SuiteRunner.privateRun(SuiteRunner.java:340)
	at org.testng.SuiteRunner.run(SuiteRunner.java:289)
	at org.testng.SuiteRunnerWorker.runSuite(SuiteRunnerWorker.java:52)
	at org.testng.SuiteRunnerWorker.run(SuiteRunnerWorker.java:86)
	at org.testng.TestNG.runSuitesSequentially(TestNG.java:1301)
	at org.testng.TestNG.runSuitesLocally(TestNG.java:1226)
	at org.testng.TestNG.runSuites(TestNG.java:1144)
	at org.testng.TestNG.run(TestNG.java:1115)
	at org.testng.remote.AbstractRemoteTestNG.run(AbstractRemoteTestNG.java:115)
	at org.testng.remote.RemoteTestNG.initAndRun(RemoteTestNG.java:251)
	at org.testng.remote.RemoteTestNG.main(RemoteTestNG.java:77)
</pre></div></td>
<td>32</td>
<td>com.redbus.tests.LoginTest@49b2a47d</td></tr>
<tr>
<td title='com.redbus.tests.LoginTest.valid_login_wrongEmail()'><b>valid_login_wrongEmail</b><br>Test class: com.redbus.tests.LoginTest</td>
<td><div><pre>org.openqa.selenium.TimeoutException: Expected condition failed: waiting for element to be clickable: [[ChromeDriver: chrome on WINDOWS (3dc62faf49e31702a8d22c3208dc893b)] -&gt; id: g_id_onload] (tried for 30 second(s) with 500 milliseconds interval)
Build info: version: &apos;3.141.59&apos;, revision: &apos;e82be7d358&apos;, time: &apos;2018-11-14T08:17:03&apos;
System info: host: &apos;SAMIKSHAGUPTA&apos;, ip: &apos;172.17.208.1&apos;, os.name: &apos;Windows 10&apos;, os.arch: &apos;amd64&apos;, os.version: &apos;10.0&apos;, java.version: &apos;1.8.0_291&apos;
Driver info: org.openqa.selenium.chrome.ChromeDriver
Capabilities {acceptInsecureCerts: false, browserName: chrome, browserVersion: 91.0.4472.124, chrome: {chromedriverVersion: 91.0.4472.101 (af52a90bf870..., userDataDir: C:\Users\SAMIKS~1\AppData\L...}, goog:chromeOptions: {debuggerAddress: localhost:52753}, javascriptEnabled: true, networkConnectionEnabled: false, pageLoadStrategy: normal, platform: WINDOWS, platformName: WINDOWS, proxy: Proxy(), setWindowRect: true, strictFileInteractability: false, timeouts: {implicit: 0, pageLoad: 300000, script: 30000}, unhandledPromptBehavior: dismiss and notify, webauthn:extension:largeBlob: true, webauthn:virtualAuthenticators: true}
Session ID: 3dc62faf49e31702a8d22c3208dc893b
	at org.openqa.selenium.support.ui.WebDriverWait.timeoutException(WebDriverWait.java:95)
	at org.openqa.selenium.support.ui.FluentWait.until(FluentWait.java:272)
	at com.redbus.pages.LoginPage.clickOn(LoginPage.java:102)
	at com.redbus.tests.LoginTest.valid_login_wrongEmail(LoginTest.java:182)
... Removed 25 stack frames</pre></div><a href='#' onClick='toggleBox("stack-trace47865820", this, "Click to show all stack frames", "Click to hide stack frames")'>Click to show all stack frames</a>
<div class='stack-trace' id='stack-trace47865820'><pre>org.openqa.selenium.TimeoutException: Expected condition failed: waiting for element to be clickable: [[ChromeDriver: chrome on WINDOWS (3dc62faf49e31702a8d22c3208dc893b)] -&gt; id: g_id_onload] (tried for 30 second(s) with 500 milliseconds interval)
Build info: version: &apos;3.141.59&apos;, revision: &apos;e82be7d358&apos;, time: &apos;2018-11-14T08:17:03&apos;
System info: host: &apos;SAMIKSHAGUPTA&apos;, ip: &apos;172.17.208.1&apos;, os.name: &apos;Windows 10&apos;, os.arch: &apos;amd64&apos;, os.version: &apos;10.0&apos;, java.version: &apos;1.8.0_291&apos;
Driver info: org.openqa.selenium.chrome.ChromeDriver
Capabilities {acceptInsecureCerts: false, browserName: chrome, browserVersion: 91.0.4472.124, chrome: {chromedriverVersion: 91.0.4472.101 (af52a90bf870..., userDataDir: C:\Users\SAMIKS~1\AppData\L...}, goog:chromeOptions: {debuggerAddress: localhost:52753}, javascriptEnabled: true, networkConnectionEnabled: false, pageLoadStrategy: normal, platform: WINDOWS, platformName: WINDOWS, proxy: Proxy(), setWindowRect: true, strictFileInteractability: false, timeouts: {implicit: 0, pageLoad: 300000, script: 30000}, unhandledPromptBehavior: dismiss and notify, webauthn:extension:largeBlob: true, webauthn:virtualAuthenticators: true}
Session ID: 3dc62faf49e31702a8d22c3208dc893b
	at org.openqa.selenium.support.ui.WebDriverWait.timeoutException(WebDriverWait.java:95)
	at org.openqa.selenium.support.ui.FluentWait.until(FluentWait.java:272)
	at com.redbus.pages.LoginPage.clickOn(LoginPage.java:102)
	at com.redbus.tests.LoginTest.valid_login_wrongEmail(LoginTest.java:182)
	at sun.reflect.NativeMethodAccessorImpl.invoke0(Native Method)
	at sun.reflect.NativeMethodAccessorImpl.invoke(NativeMethodAccessorImpl.java:62)
	at sun.reflect.DelegatingMethodAccessorImpl.invoke(DelegatingMethodAccessorImpl.java:43)
	at java.lang.reflect.Method.invoke(Method.java:498)
	at org.testng.internal.MethodInvocationHelper.invokeMethod(MethodInvocationHelper.java:108)
	at org.testng.internal.Invoker.invokeMethod(Invoker.java:661)
	at org.testng.internal.Invoker.invokeTestMethod(Invoker.java:869)
	at org.testng.internal.Invoker.invokeTestMethods(Invoker.java:1193)
	at org.testng.internal.TestMethodWorker.invokeTestMethods(TestMethodWorker.java:126)
	at org.testng.internal.TestMethodWorker.run(TestMethodWorker.java:109)
	at org.testng.TestRunner.privateRun(TestRunner.java:744)
	at org.testng.TestRunner.run(TestRunner.java:602)
	at org.testng.SuiteRunner.runTest(SuiteRunner.java:380)
	at org.testng.SuiteRunner.runSequentially(SuiteRunner.java:375)
	at org.testng.SuiteRunner.privateRun(SuiteRunner.java:340)
	at org.testng.SuiteRunner.run(SuiteRunner.java:289)
	at org.testng.SuiteRunnerWorker.runSuite(SuiteRunnerWorker.java:52)
	at org.testng.SuiteRunnerWorker.run(SuiteRunnerWorker.java:86)
	at org.testng.TestNG.runSuitesSequentially(TestNG.java:1301)
	at org.testng.TestNG.runSuitesLocally(TestNG.java:1226)
	at org.testng.TestNG.runSuites(TestNG.java:1144)
	at org.testng.TestNG.run(TestNG.java:1115)
	at org.testng.remote.AbstractRemoteTestNG.run(AbstractRemoteTestNG.java:115)
	at org.testng.remote.RemoteTestNG.initAndRun(RemoteTestNG.java:251)
	at org.testng.remote.RemoteTestNG.main(RemoteTestNG.java:77)
</pre></div></td>
<td>32</td>
<td>com.redbus.tests.LoginTest@49b2a47d</td></tr>
<tr>
<td title='com.redbus.tests.LoginTest.valid_login_wrongPassword()'><b>valid_login_wrongPassword</b><br>Test class: com.redbus.tests.LoginTest</td>
<td><div><pre>org.openqa.selenium.TimeoutException: Expected condition failed: waiting for element to be clickable: [[ChromeDriver: chrome on WINDOWS (13aa9466d1339cd94d7bc9e0577dcf3f)] -&gt; id: g_id_onload] (tried for 30 second(s) with 500 milliseconds interval)
Build info: version: &apos;3.141.59&apos;, revision: &apos;e82be7d358&apos;, time: &apos;2018-11-14T08:17:03&apos;
System info: host: &apos;SAMIKSHAGUPTA&apos;, ip: &apos;172.17.208.1&apos;, os.name: &apos;Windows 10&apos;, os.arch: &apos;amd64&apos;, os.version: &apos;10.0&apos;, java.version: &apos;1.8.0_291&apos;
Driver info: org.openqa.selenium.chrome.ChromeDriver
Capabilities {acceptInsecureCerts: false, browserName: chrome, browserVersion: 91.0.4472.124, chrome: {chromedriverVersion: 91.0.4472.101 (af52a90bf870..., userDataDir: C:\Users\SAMIKS~1\AppData\L...}, goog:chromeOptions: {debuggerAddress: localhost:63857}, javascriptEnabled: true, networkConnectionEnabled: false, pageLoadStrategy: normal, platform: WINDOWS, platformName: WINDOWS, proxy: Proxy(), setWindowRect: true, strictFileInteractability: false, timeouts: {implicit: 0, pageLoad: 300000, script: 30000}, unhandledPromptBehavior: dismiss and notify, webauthn:extension:largeBlob: true, webauthn:virtualAuthenticators: true}
Session ID: 13aa9466d1339cd94d7bc9e0577dcf3f
	at org.openqa.selenium.support.ui.WebDriverWait.timeoutException(WebDriverWait.java:95)
	at org.openqa.selenium.support.ui.FluentWait.until(FluentWait.java:272)
	at com.redbus.pages.LoginPage.clickOn(LoginPage.java:102)
	at com.redbus.tests.LoginTest.valid_login_wrongPassword(LoginTest.java:251)
... Removed 25 stack frames</pre></div><a href='#' onClick='toggleBox("stack-trace1081819622", this, "Click to show all stack frames", "Click to hide stack frames")'>Click to show all stack frames</a>
<div class='stack-trace' id='stack-trace1081819622'><pre>org.openqa.selenium.TimeoutException: Expected condition failed: waiting for element to be clickable: [[ChromeDriver: chrome on WINDOWS (13aa9466d1339cd94d7bc9e0577dcf3f)] -&gt; id: g_id_onload] (tried for 30 second(s) with 500 milliseconds interval)
Build info: version: &apos;3.141.59&apos;, revision: &apos;e82be7d358&apos;, time: &apos;2018-11-14T08:17:03&apos;
System info: host: &apos;SAMIKSHAGUPTA&apos;, ip: &apos;172.17.208.1&apos;, os.name: &apos;Windows 10&apos;, os.arch: &apos;amd64&apos;, os.version: &apos;10.0&apos;, java.version: &apos;1.8.0_291&apos;
Driver info: org.openqa.selenium.chrome.ChromeDriver
Capabilities {acceptInsecureCerts: false, browserName: chrome, browserVersion: 91.0.4472.124, chrome: {chromedriverVersion: 91.0.4472.101 (af52a90bf870..., userDataDir: C:\Users\SAMIKS~1\AppData\L...}, goog:chromeOptions: {debuggerAddress: localhost:63857}, javascriptEnabled: true, networkConnectionEnabled: false, pageLoadStrategy: normal, platform: WINDOWS, platformName: WINDOWS, proxy: Proxy(), setWindowRect: true, strictFileInteractability: false, timeouts: {implicit: 0, pageLoad: 300000, script: 30000}, unhandledPromptBehavior: dismiss and notify, webauthn:extension:largeBlob: true, webauthn:virtualAuthenticators: true}
Session ID: 13aa9466d1339cd94d7bc9e0577dcf3f
	at org.openqa.selenium.support.ui.WebDriverWait.timeoutException(WebDriverWait.java:95)
	at org.openqa.selenium.support.ui.FluentWait.until(FluentWait.java:272)
	at com.redbus.pages.LoginPage.clickOn(LoginPage.java:102)
	at com.redbus.tests.LoginTest.valid_login_wrongPassword(LoginTest.java:251)
	at sun.reflect.NativeMethodAccessorImpl.invoke0(Native Method)
	at sun.reflect.NativeMethodAccessorImpl.invoke(NativeMethodAccessorImpl.java:62)
	at sun.reflect.DelegatingMethodAccessorImpl.invoke(DelegatingMethodAccessorImpl.java:43)
	at java.lang.reflect.Method.invoke(Method.java:498)
	at org.testng.internal.MethodInvocationHelper.invokeMethod(MethodInvocationHelper.java:108)
	at org.testng.internal.Invoker.invokeMethod(Invoker.java:661)
	at org.testng.internal.Invoker.invokeTestMethod(Invoker.java:869)
	at org.testng.internal.Invoker.invokeTestMethods(Invoker.java:1193)
	at org.testng.internal.TestMethodWorker.invokeTestMethods(TestMethodWorker.java:126)
	at org.testng.internal.TestMethodWorker.run(TestMethodWorker.java:109)
	at org.testng.TestRunner.privateRun(TestRunner.java:744)
	at org.testng.TestRunner.run(TestRunner.java:602)
	at org.testng.SuiteRunner.runTest(SuiteRunner.java:380)
	at org.testng.SuiteRunner.runSequentially(SuiteRunner.java:375)
	at org.testng.SuiteRunner.privateRun(SuiteRunner.java:340)
	at org.testng.SuiteRunner.run(SuiteRunner.java:289)
	at org.testng.SuiteRunnerWorker.runSuite(SuiteRunnerWorker.java:52)
	at org.testng.SuiteRunnerWorker.run(SuiteRunnerWorker.java:86)
	at org.testng.TestNG.runSuitesSequentially(TestNG.java:1301)
	at org.testng.TestNG.runSuitesLocally(TestNG.java:1226)
	at org.testng.TestNG.runSuites(TestNG.java:1144)
	at org.testng.TestNG.run(TestNG.java:1115)
	at org.testng.remote.AbstractRemoteTestNG.run(AbstractRemoteTestNG.java:115)
	at org.testng.remote.RemoteTestNG.initAndRun(RemoteTestNG.java:251)
	at org.testng.remote.RemoteTestNG.main(RemoteTestNG.java:77)
</pre></div></td>
<td>31</td>
<td>com.redbus.tests.LoginTest@49b2a47d</td></tr>
</table><p>
<table width='100%' border='1' class='invocation-passed'>
<tr><td colspan='4' align='center'><b>PASSED TESTS</b></td></tr>
<tr><td><b>Test method</b></td>
<td width="30%"><b>Exception</b></td>
<td width="10%"><b>Time (seconds)</b></td>
<td><b>Instance</b></td>
</tr>
<tr>
<td title='com.redbus.tests.NavBarTest.busHire()'><b>busHire</b><br>Test class: com.redbus.tests.NavBarTest</td>
<td></td>
<td>2</td>
<td>com.redbus.tests.NavBarTest@415b0b49</td></tr>
<tr>
<td title='com.redbus.tests.NavBarTest.busTicket()'><b>busTicket</b><br>Test class: com.redbus.tests.NavBarTest</td>
<td></td>
<td>2</td>
<td>com.redbus.tests.NavBarTest@415b0b49</td></tr>
<tr>
<td title='com.redbus.tests.BusTicketTest.cancelTicket()'><b>cancelTicket</b><br>Test class: com.redbus.tests.BusTicketTest</td>
<td></td>
<td>4</td>
<td>com.redbus.tests.BusTicketTest@5e3f861</td></tr>
<tr>
<td title='com.redbus.tests.LoginTest.invalid_login_PhoneNumber()'><b>invalid_login_PhoneNumber</b><br>Test class: com.redbus.tests.LoginTest</td>
<td></td>
<td>2</td>
<td>com.redbus.tests.LoginTest@49b2a47d</td></tr>
<tr>
<td title='com.redbus.tests.SearchTest.invalid_searchCheck()'><b>invalid_searchCheck</b><br>Test class: com.redbus.tests.SearchTest</td>
<td></td>
<td>11</td>
<td>com.redbus.tests.SearchTest@2f67a4d3</td></tr>
<tr>
<td title='com.redbus.tests.SearchTest.invalid_searchCheck2()'><b>invalid_searchCheck2</b><br>Test class: com.redbus.tests.SearchTest</td>
<td></td>
<td>7</td>
<td>com.redbus.tests.SearchTest@2f67a4d3</td></tr>
<tr>
<td title='com.redbus.tests.HomePageTest.invalid_todownloadappViaLink()'><b>invalid_todownloadappViaLink</b><br>Test class: com.redbus.tests.HomePageTest</td>
<td></td>
<td>0</td>
<td>com.redbus.tests.HomePageTest@2fb0623e</td></tr>
<tr>
<td title='com.redbus.tests.HomePageTest.invalid_todownloadappViaLink1()'><b>invalid_todownloadappViaLink1</b><br>Test class: com.redbus.tests.HomePageTest</td>
<td></td>
<td>0</td>
<td>com.redbus.tests.HomePageTest@2fb0623e</td></tr>
<tr>
<td title='com.redbus.tests.TicketDetailsTest.invalid_togetETicket()'><b>invalid_togetETicket</b><br>Test class: com.redbus.tests.TicketDetailsTest</td>
<td></td>
<td>2</td>
<td>com.redbus.tests.TicketDetailsTest@5be1d0a4</td></tr>
<tr>
<td title='com.redbus.tests.TicketDetailsTest.invalid_togetETicket1()'><b>invalid_togetETicket1</b><br>Test class: com.redbus.tests.TicketDetailsTest</td>
<td></td>
<td>2</td>
<td>com.redbus.tests.TicketDetailsTest@5be1d0a4</td></tr>
<tr>
<td title='com.redbus.tests.TicketDetailsTest.invalid_togetETicket2()'><b>invalid_togetETicket2</b><br>Test class: com.redbus.tests.TicketDetailsTest</td>
<td></td>
<td>1</td>
<td>com.redbus.tests.TicketDetailsTest@5be1d0a4</td></tr>
<tr>
<td title='com.redbus.tests.SearchTest.modifySearch()'><b>modifySearch</b><br>Test class: com.redbus.tests.SearchTest</td>
<td></td>
<td>8</td>
<td>com.redbus.tests.SearchTest@2f67a4d3</td></tr>
<tr>
<td title='com.redbus.tests.BusHireTest.offers()'><b>offers</b><br>Test class: com.redbus.tests.BusHireTest</td>
<td></td>
<td>11</td>
<td>com.redbus.tests.BusHireTest@7dc3712</td></tr>
<tr>
<td title='com.redbus.tests.BusTicketTest.printSmsTicket()'><b>printSmsTicket</b><br>Test class: com.redbus.tests.BusTicketTest</td>
<td></td>
<td>4</td>
<td>com.redbus.tests.BusTicketTest@5e3f861</td></tr>
<tr>
<td title='com.redbus.tests.NavBarTest.rPool()'><b>rPool</b><br>Test class: com.redbus.tests.NavBarTest</td>
<td></td>
<td>1</td>
<td>com.redbus.tests.NavBarTest@415b0b49</td></tr>
<tr>
<td title='com.redbus.tests.HomePageTest.rbuscares_donateanonymously()'><b>rbuscares_donateanonymously</b><br>Test class: com.redbus.tests.HomePageTest</td>
<td></td>
<td>2</td>
<td>com.redbus.tests.HomePageTest@2fb0623e</td></tr>
<tr>
<td title='com.redbus.tests.HomePageTest.rbuscares_navigatePaymentGateway()'><b>rbuscares_navigatePaymentGateway</b><br>Test class: com.redbus.tests.HomePageTest</td>
<td></td>
<td>9</td>
<td>com.redbus.tests.HomePageTest@2fb0623e</td></tr>
<tr>
<td title='com.redbus.tests.HomePageTest.rbuscares_toDonateCustomAmount()'><b>rbuscares_toDonateCustomAmount</b><br>Test class: com.redbus.tests.HomePageTest</td>
<td></td>
<td>2</td>
<td>com.redbus.tests.HomePageTest@2fb0623e</td></tr>
<tr>
<td title='com.redbus.tests.NavBarTest.redBusLogo()'><b>redBusLogo</b><br>Test class: com.redbus.tests.NavBarTest</td>
<td></td>
<td>0</td>
<td>com.redbus.tests.NavBarTest@415b0b49</td></tr>
<tr>
<td title='com.redbus.tests.SearchTest.valid_search()'><b>valid_search</b><br>Test class: com.redbus.tests.SearchTest</td>
<td></td>
<td>12</td>
<td>com.redbus.tests.SearchTest@2f67a4d3</td></tr>
<tr>
<td title='com.redbus.tests.SearchTest.valid_tofilterSearches()'><b>valid_tofilterSearches</b><br>Test class: com.redbus.tests.SearchTest</td>
<td></td>
<td>9</td>
<td>com.redbus.tests.SearchTest@2f67a4d3</td></tr>
<tr>
<td title='com.redbus.tests.TicketDetailsTest.valid_togetETicket()'><b>valid_togetETicket</b><br>Test class: com.redbus.tests.TicketDetailsTest</td>
<td></td>
<td>2</td>
<td>com.redbus.tests.TicketDetailsTest@5be1d0a4</td></tr>
<tr>
<td title='com.redbus.tests.SearchTest.valid_toselectSeat()'><b>valid_toselectSeat</b><br>Test class: com.redbus.tests.SearchTest</td>
<td></td>
<td>11</td>
<td>com.redbus.tests.SearchTest@2f67a4d3</td></tr>
</table><p>
</body>
</html>