<!DOCTYPE html PUBLIC "-//W3C//DTD XHTML 1.1//EN" "http://www.w3.org/TR/xhtml11/DTD/xhtml11.dtd">
<html xmlns="http://www.w3.org/1999/xhtml"><head><title>TestNG Report</title><style type="text/css">table {margin-bottom:10px;border-collapse:collapse;empty-cells:show}th,td {border:1px solid #009;padding:.25em .5em}th {vertical-align:bottom}td {vertical-align:top}table a {font-weight:bold}.stripe td {background-color: #E6EBF9}.num {text-align:right}.passedodd td {background-color: #3F3}.passedeven td {background-color: #0A0}.skippedodd td {background-color: #DDD}.skippedeven td {background-color: #CCC}.failedodd td,.attn {background-color: #F33}.failedeven td,.stripe .attn {background-color: #D00}.stacktrace {white-space:pre;font-family:monospace}.totop {font-size:85%;text-align:center;border-bottom:2px solid #000}</style></head><body><table><tr><th>Test</th><th># Passed</th><th># Skipped</th><th># Failed</th><th>Time (ms)</th><th>Included Groups</th><th>Excluded Groups</th></tr><tr><th colspan="7">Suite</th></tr><tr><td><a href="#t0">Test</a></td><td class="num">23</td><td class="num">0</td><td class="num attn">3</td><td class="num">366,725</td><td></td><td></td></tr></table><table id='summary'><thead><tr><th>Class</th><th>Method</th><th>Start</th><th>Time (ms)</th></tr></thead><tbody><tr><th colspan="4">Suite</th></tr></tbody><tbody id="t0"><tr><th colspan="4">Test &#8212; failed</th></tr><tr class="failedeven"><td rowspan="3">com.redbus.tests.LoginTest</td><td><a href="#m0">valid_loginCheck</a></td><td rowspan="1">1625485153788</td><td rowspan="1">32375</td></tr><tr class="failedeven"><td><a href="#m1">valid_login_wrongEmail</a></td><td rowspan="1">1625485190539</td><td rowspan="1">32932</td></tr><tr class="failedeven"><td><a href="#m2">valid_login_wrongPassword</a></td><td rowspan="1">1625485228245</td><td rowspan="1">31801</td></tr><tr><th colspan="4">Test &#8212; passed</th></tr><tr class="passedeven"><td rowspan="1">com.redbus.tests.BusHireTest</td><td><a href="#m3">offers</a></td><td rowspan="1">1625484958241</td><td rowspan="1">11864</td></tr><tr class="passedodd"><td rowspan="2">com.redbus.tests.BusTicketTest</td><td><a href="#m4">cancelTicket</a></td><td rowspan="1">1625485086050</td><td rowspan="1">4421</td></tr><tr class="passedodd"><td><a href="#m5">printSmsTicket</a></td><td rowspan="1">1625485097117</td><td rowspan="1">4243</td></tr><tr class="passedeven"><td rowspan="5">com.redbus.tests.HomePageTest</td><td><a href="#m6">invalid_todownloadappViaLink</a></td><td rowspan="1">1625485105334</td><td rowspan="1">954</td></tr><tr class="passedeven"><td><a href="#m7">invalid_todownloadappViaLink1</a></td><td rowspan="1">1625485111758</td><td rowspan="1">676</td></tr><tr class="passedeven"><td><a href="#m8">rbuscares_donateanonymously</a></td><td rowspan="1">1625485116647</td><td rowspan="1">2448</td></tr><tr class="passedeven"><td><a href="#m9">rbuscares_navigatePaymentGateway</a></td><td rowspan="1">1625485123230</td><td rowspan="1">9708</td></tr><tr class="passedeven"><td><a href="#m10">rbuscares_toDonateCustomAmount</a></td><td rowspan="1">1625485138016</td><td rowspan="1">2090</td></tr><tr class="passedodd"><td rowspan="1">com.redbus.tests.LoginTest</td><td><a href="#m11">invalid_login_PhoneNumber</a></td><td rowspan="1">1625485145646</td><td rowspan="1">2813</td></tr><tr class="passedeven"><td rowspan="4">com.redbus.tests.NavBarTest</td><td><a href="#m12">busHire</a></td><td rowspan="1">1625485292749</td><td rowspan="1">2725</td></tr><tr class="passedeven"><td><a href="#m13">busTicket</a></td><td rowspan="1">1625485300711</td><td rowspan="1">2449</td></tr><tr class="passedeven"><td><a href="#m14">rPool</a></td><td rowspan="1">1625485307690</td><td rowspan="1">1122</td></tr><tr class="passedeven"><td><a href="#m15">redBusLogo</a></td><td rowspan="1">1625485314016</td><td rowspan="1">729</td></tr><tr class="passedodd"><td rowspan="6">com.redbus.tests.SearchTest</td><td><a href="#m16">invalid_searchCheck</a></td><td rowspan="1">1625484976107</td><td rowspan="1">11664</td></tr><tr class="passedodd"><td><a href="#m17">invalid_searchCheck2</a></td><td rowspan="1">1625484995555</td><td rowspan="1">7078</td></tr><tr class="passedodd"><td><a href="#m18">modifySearch</a></td><td rowspan="1">1625485007598</td><td rowspan="1">8662</td></tr><tr class="passedodd"><td><a href="#m19">valid_search</a></td><td rowspan="1">1625485023360</td><td rowspan="1">12013</td></tr><tr class="passedodd"><td><a href="#m20">valid_tofilterSearches</a></td><td rowspan="1">1625485041398</td><td rowspan="1">9192</td></tr><tr class="passedodd"><td><a href="#m21">valid_toselectSeat</a></td><td rowspan="1">1625485055822</td><td rowspan="1">11518</td></tr><tr class="passedeven"><td rowspan="4">com.redbus.tests.TicketDetailsTest</td><td><a href="#m22">invalid_togetETicket</a></td><td rowspan="1">1625485265896</td><td rowspan="1">2067</td></tr><tr class="passedeven"><td><a href="#m23">invalid_togetETicket1</a></td><td rowspan="1">1625485272523</td><td rowspan="1">2156</td></tr><tr class="passedeven"><td><a href="#m24">invalid_togetETicket2</a></td><td rowspan="1">1625485280210</td><td rowspan="1">1490</td></tr><tr class="passedeven"><td><a href="#m25">valid_togetETicket</a></td><td rowspan="1">1625485285750</td><td rowspan="1">2305</td></tr></tbody></table><h2>Test</h2><h3 id="m0">com.redbus.tests.LoginTest#valid_loginCheck</h3><table class="result"><tr><th>Exception</th></tr><tr><td><div class="stacktrace">org.openqa.selenium.TimeoutException: Expected condition failed: waiting for element to be clickable: [[ChromeDriver: chrome on WINDOWS (8a63147d090ffa3bfe8b29c0e291ace2)] -&gt; id: g_id_onload] (tried for 30 second(s) with 500 milliseconds interval)
Build info: version: &apos;3.141.59&apos;, revision: &apos;e82be7d358&apos;, time: &apos;2018-11-14T08:17:03&apos;
System info: host: &apos;SAMIKSHAGUPTA&apos;, ip: &apos;172.17.208.1&apos;, os.name: &apos;Windows 10&apos;, os.arch: &apos;amd64&apos;, os.version: &apos;10.0&apos;, java.version: &apos;1.8.0_291&apos;
Driver info: org.openqa.selenium.chrome.ChromeDriver
Capabilities {acceptInsecureCerts: false, browserName: chrome, browserVersion: 91.0.4472.124, chrome: {chromedriverVersion: 91.0.4472.101 (af52a90bf870..., userDataDir: C:\Users\SAMIKS~1\AppData\L...}, goog:chromeOptions: {debuggerAddress: localhost:55033}, javascriptEnabled: true, networkConnectionEnabled: false, pageLoadStrategy: normal, platform: WINDOWS, platformName: WINDOWS, proxy: Proxy(), setWindowRect: true, strictFileInteractability: false, timeouts: {implicit: 0, pageLoad: 300000, script: 30000}, unhandledPromptBehavior: dismiss and notify, webauthn:extension:largeBlob: true, webauthn:virtualAuthenticators: true}
Session ID: 8a63147d090ffa3bfe8b29c0e291ace2
	at org.openqa.selenium.support.ui.WebDriverWait.timeoutException(WebDriverWait.java:95)
	at org.openqa.selenium.support.ui.FluentWait.until(FluentWait.java:272)
	at com.redbus.pages.LoginPage.clickOn(LoginPage.java:102)
	at com.redbus.tests.LoginTest.valid_loginCheck(LoginTest.java:59)
... Removed 25 stack frames</div></td></tr></table><p class="totop"><a href="#summary">back to summary</a></p><h3 id="m1">com.redbus.tests.LoginTest#valid_login_wrongEmail</h3><table class="result"><tr><th>Exception</th></tr><tr><td><div class="stacktrace">org.openqa.selenium.TimeoutException: Expected condition failed: waiting for element to be clickable: [[ChromeDriver: chrome on WINDOWS (3dc62faf49e31702a8d22c3208dc893b)] -&gt; id: g_id_onload] (tried for 30 second(s) with 500 milliseconds interval)
Build info: version: &apos;3.141.59&apos;, revision: &apos;e82be7d358&apos;, time: &apos;2018-11-14T08:17:03&apos;
System info: host: &apos;SAMIKSHAGUPTA&apos;, ip: &apos;172.17.208.1&apos;, os.name: &apos;Windows 10&apos;, os.arch: &apos;amd64&apos;, os.version: &apos;10.0&apos;, java.version: &apos;1.8.0_291&apos;
Driver info: org.openqa.selenium.chrome.ChromeDriver
Capabilities {acceptInsecureCerts: false, browserName: chrome, browserVersion: 91.0.4472.124, chrome: {chromedriverVersion: 91.0.4472.101 (af52a90bf870..., userDataDir: C:\Users\SAMIKS~1\AppData\L...}, goog:chromeOptions: {debuggerAddress: localhost:52753}, javascriptEnabled: true, networkConnectionEnabled: false, pageLoadStrategy: normal, platform: WINDOWS, platformName: WINDOWS, proxy: Proxy(), setWindowRect: true, strictFileInteractability: false, timeouts: {implicit: 0, pageLoad: 300000, script: 30000}, unhandledPromptBehavior: dismiss and notify, webauthn:extension:largeBlob: true, webauthn:virtualAuthenticators: true}
Session ID: 3dc62faf49e31702a8d22c3208dc893b
	at org.openqa.selenium.support.ui.WebDriverWait.timeoutException(WebDriverWait.java:95)
	at org.openqa.selenium.support.ui.FluentWait.until(FluentWait.java:272)
	at com.redbus.pages.LoginPage.clickOn(LoginPage.java:102)
	at com.redbus.tests.LoginTest.valid_login_wrongEmail(LoginTest.java:182)
... Removed 25 stack frames</div></td></tr></table><p class="totop"><a href="#summary">back to summary</a></p><h3 id="m2">com.redbus.tests.LoginTest#valid_login_wrongPassword</h3><table class="result"><tr><th>Exception</th></tr><tr><td><div class="stacktrace">org.openqa.selenium.TimeoutException: Expected condition failed: waiting for element to be clickable: [[ChromeDriver: chrome on WINDOWS (13aa9466d1339cd94d7bc9e0577dcf3f)] -&gt; id: g_id_onload] (tried for 30 second(s) with 500 milliseconds interval)
Build info: version: &apos;3.141.59&apos;, revision: &apos;e82be7d358&apos;, time: &apos;2018-11-14T08:17:03&apos;
System info: host: &apos;SAMIKSHAGUPTA&apos;, ip: &apos;172.17.208.1&apos;, os.name: &apos;Windows 10&apos;, os.arch: &apos;amd64&apos;, os.version: &apos;10.0&apos;, java.version: &apos;1.8.0_291&apos;
Driver info: org.openqa.selenium.chrome.ChromeDriver
Capabilities {acceptInsecureCerts: false, browserName: chrome, browserVersion: 91.0.4472.124, chrome: {chromedriverVersion: 91.0.4472.101 (af52a90bf870..., userDataDir: C:\Users\SAMIKS~1\AppData\L...}, goog:chromeOptions: {debuggerAddress: localhost:63857}, javascriptEnabled: true, networkConnectionEnabled: false, pageLoadStrategy: normal, platform: WINDOWS, platformName: WINDOWS, proxy: Proxy(), setWindowRect: true, strictFileInteractability: false, timeouts: {implicit: 0, pageLoad: 300000, script: 30000}, unhandledPromptBehavior: dismiss and notify, webauthn:extension:largeBlob: true, webauthn:virtualAuthenticators: true}
Session ID: 13aa9466d1339cd94d7bc9e0577dcf3f
	at org.openqa.selenium.support.ui.WebDriverWait.timeoutException(WebDriverWait.java:95)
	at org.openqa.selenium.support.ui.FluentWait.until(FluentWait.java:272)
	at com.redbus.pages.LoginPage.clickOn(LoginPage.java:102)
	at com.redbus.tests.LoginTest.valid_login_wrongPassword(LoginTest.java:251)
... Removed 25 stack frames</div></td></tr></table><p class="totop"><a href="#summary">back to summary</a></p><h3 id="m3">com.redbus.tests.BusHireTest#offers</h3><table class="result"></table><p class="totop"><a href="#summary">back to summary</a></p><h3 id="m4">com.redbus.tests.BusTicketTest#cancelTicket</h3><table class="result"></table><p class="totop"><a href="#summary">back to summary</a></p><h3 id="m5">com.redbus.tests.BusTicketTest#printSmsTicket</h3><table class="result"></table><p class="totop"><a href="#summary">back to summary</a></p><h3 id="m6">com.redbus.tests.HomePageTest#invalid_todownloadappViaLink</h3><table class="result"></table><p class="totop"><a href="#summary">back to summary</a></p><h3 id="m7">com.redbus.tests.HomePageTest#invalid_todownloadappViaLink1</h3><table class="result"></table><p class="totop"><a href="#summary">back to summary</a></p><h3 id="m8">com.redbus.tests.HomePageTest#rbuscares_donateanonymously</h3><table class="result"></table><p class="totop"><a href="#summary">back to summary</a></p><h3 id="m9">com.redbus.tests.HomePageTest#rbuscares_navigatePaymentGateway</h3><table class="result"></table><p class="totop"><a href="#summary">back to summary</a></p><h3 id="m10">com.redbus.tests.HomePageTest#rbuscares_toDonateCustomAmount</h3><table class="result"></table><p class="totop"><a href="#summary">back to summary</a></p><h3 id="m11">com.redbus.tests.LoginTest#invalid_login_PhoneNumber</h3><table class="result"></table><p class="totop"><a href="#summary">back to summary</a></p><h3 id="m12">com.redbus.tests.NavBarTest#busHire</h3><table class="result"></table><p class="totop"><a href="#summary">back to summary</a></p><h3 id="m13">com.redbus.tests.NavBarTest#busTicket</h3><table class="result"></table><p class="totop"><a href="#summary">back to summary</a></p><h3 id="m14">com.redbus.tests.NavBarTest#rPool</h3><table class="result"></table><p class="totop"><a href="#summary">back to summary</a></p><h3 id="m15">com.redbus.tests.NavBarTest#redBusLogo</h3><table class="result"></table><p class="totop"><a href="#summary">back to summary</a></p><h3 id="m16">com.redbus.tests.SearchTest#invalid_searchCheck</h3><table class="result"></table><p class="totop"><a href="#summary">back to summary</a></p><h3 id="m17">com.redbus.tests.SearchTest#invalid_searchCheck2</h3><table class="result"></table><p class="totop"><a href="#summary">back to summary</a></p><h3 id="m18">com.redbus.tests.SearchTest#modifySearch</h3><table class="result"></table><p class="totop"><a href="#summary">back to summary</a></p><h3 id="m19">com.redbus.tests.SearchTest#valid_search</h3><table class="result"></table><p class="totop"><a href="#summary">back to summary</a></p><h3 id="m20">com.redbus.tests.SearchTest#valid_tofilterSearches</h3><table class="result"></table><p class="totop"><a href="#summary">back to summary</a></p><h3 id="m21">com.redbus.tests.SearchTest#valid_toselectSeat</h3><table class="result"></table><p class="totop"><a href="#summary">back to summary</a></p><h3 id="m22">com.redbus.tests.TicketDetailsTest#invalid_togetETicket</h3><table class="result"></table><p class="totop"><a href="#summary">back to summary</a></p><h3 id="m23">com.redbus.tests.TicketDetailsTest#invalid_togetETicket1</h3><table class="result"></table><p class="totop"><a href="#summary">back to summary</a></p><h3 id="m24">com.redbus.tests.TicketDetailsTest#invalid_togetETicket2</h3><table class="result"></table><p class="totop"><a href="#summary">back to summary</a></p><h3 id="m25">com.redbus.tests.TicketDetailsTest#valid_togetETicket</h3><table class="result"></table><p class="totop"><a href="#summary">back to summary</a></p></body></html>