<!DOCTYPE html>

<html>
  <head>
  <meta charset='utf-8'>
  <title>TestNG reports</title>

    <link type="text/css" href="testng-reports.css" rel="stylesheet" />
    <script type="text/javascript" src="jquery-1.7.1.min.js"></script>
    <script type="text/javascript" src="testng-reports.js"></script>
    <script type="text/javascript" src="https://www.google.com/jsapi"></script>
    <script type='text/javascript'>
      google.load('visualization', '1', {packages:['table']});
      google.setOnLoadCallback(drawTable);
      var suiteTableInitFunctions = new Array();
      var suiteTableData = new Array();
    </script>
    <!--
      <script type="text/javascript" src="jquery-ui/js/jquery-ui-1.8.16.custom.min.js"></script>
     -->
  </head>

  <body>
    <div class="top-banner-root">
      <span class="top-banner-title-font">Test results</span>
      <br/>
      <span class="top-banner-font-1">1 suite, 3 failed tests</span>
    </div> <!-- top-banner-root -->
    <div class="navigator-root">
      <div class="navigator-suite-header">
        <span>All suites</span>
        <a href="#" class="collapse-all-link" title="Collapse/expand all the suites">
          <img class="collapse-all-icon" src="collapseall.gif">
          </img> <!-- collapse-all-icon -->
        </a> <!-- collapse-all-link -->
      </div> <!-- navigator-suite-header -->
      <div class="suite">
        <div class="rounded-window">
          <div class="suite-header light-rounded-window-top">
            <a href="#" class="navigator-link" panel-name="suite-Suite">
              <span class="suite-name border-failed">Suite</span>
            </a> <!-- navigator-link -->
          </div> <!-- suite-header light-rounded-window-top -->
          <div class="navigator-suite-content">
            <div class="suite-section-title">
              <span>Info</span>
            </div> <!-- suite-section-title -->
            <div class="suite-section-content">
              <ul>
                <li>
                  <a href="#" class="navigator-link " panel-name="test-xml-Suite">
                    <span>C:\Users\samikshagupta\eclipse-workspace\ExitTest_Assignment\testng.xml</span>
                  </a> <!-- navigator-link  -->
                </li>
                <li>
                  <a href="#" class="navigator-link " panel-name="testlist-Suite">
                    <span class="test-stats">1 test</span>
                  </a> <!-- navigator-link  -->
                </li>
                <li>
                  <a href="#" class="navigator-link " panel-name="group-Suite">
                    <span>0 groups</span>
                  </a> <!-- navigator-link  -->
                </li>
                <li>
                  <a href="#" class="navigator-link " panel-name="times-Suite">
                    <span>Times</span>
                  </a> <!-- navigator-link  -->
                </li>
                <li>
                  <a href="#" class="navigator-link " panel-name="reporter-Suite">
                    <span>Reporter output</span>
                  </a> <!-- navigator-link  -->
                </li>
                <li>
                  <a href="#" class="navigator-link " panel-name="ignored-methods-Suite">
                    <span>Ignored methods</span>
                  </a> <!-- navigator-link  -->
                </li>
                <li>
                  <a href="#" class="navigator-link " panel-name="chronological-Suite">
                    <span>Chronological view</span>
                  </a> <!-- navigator-link  -->
                </li>
              </ul>
            </div> <!-- suite-section-content -->
            <div class="result-section">
              <div class="suite-section-title">
                <span>Results</span>
              </div> <!-- suite-section-title -->
              <div class="suite-section-content">
                <ul>
                  <li>
                    <span class="method-stats">26 methods, 3 failed,   23 passed</span>
                  </li>
                  <li>
                    <span class="method-list-title failed">Failed methods</span>
                    <span class="show-or-hide-methods failed">
                      <a href="#" panel-name="suite-Suite" class="hide-methods failed suite-Suite"> (hide)</a> <!-- hide-methods failed suite-Suite -->
                      <a href="#" panel-name="suite-Suite" class="show-methods failed suite-Suite"> (show)</a> <!-- show-methods failed suite-Suite -->
                    </span>
                    <div class="method-list-content failed suite-Suite">
                      <span>
                        <img width="3%" src="failed.png"/>
                        <a href="#" class="method navigator-link" panel-name="suite-Suite" title="com.redbus.tests.LoginTest" hash-for-method="valid_loginCheck">valid_loginCheck</a> <!-- method navigator-link -->
                      </span>
                      <br/>
                      <span>
                        <img width="3%" src="failed.png"/>
                        <a href="#" class="method navigator-link" panel-name="suite-Suite" title="com.redbus.tests.LoginTest" hash-for-method="valid_login_wrongEmail">valid_login_wrongEmail</a> <!-- method navigator-link -->
                      </span>
                      <br/>
                      <span>
                        <img width="3%" src="failed.png"/>
                        <a href="#" class="method navigator-link" panel-name="suite-Suite" title="com.redbus.tests.LoginTest" hash-for-method="valid_login_wrongPassword">valid_login_wrongPassword</a> <!-- method navigator-link -->
                      </span>
                      <br/>
                    </div> <!-- method-list-content failed suite-Suite -->
                  </li>
                  <li>
                    <span class="method-list-title passed">Passed methods</span>
                    <span class="show-or-hide-methods passed">
                      <a href="#" panel-name="suite-Suite" class="hide-methods passed suite-Suite"> (hide)</a> <!-- hide-methods passed suite-Suite -->
                      <a href="#" panel-name="suite-Suite" class="show-methods passed suite-Suite"> (show)</a> <!-- show-methods passed suite-Suite -->
                    </span>
                    <div class="method-list-content passed suite-Suite">
                      <span>
                        <img width="3%" src="passed.png"/>
                        <a href="#" class="method navigator-link" panel-name="suite-Suite" title="com.redbus.tests.NavBarTest" hash-for-method="busHire">busHire</a> <!-- method navigator-link -->
                      </span>
                      <br/>
                      <span>
                        <img width="3%" src="passed.png"/>
                        <a href="#" class="method navigator-link" panel-name="suite-Suite" title="com.redbus.tests.NavBarTest" hash-for-method="busTicket">busTicket</a> <!-- method navigator-link -->
                      </span>
                      <br/>
                      <span>
                        <img width="3%" src="passed.png"/>
                        <a href="#" class="method navigator-link" panel-name="suite-Suite" title="com.redbus.tests.BusTicketTest" hash-for-method="cancelTicket">cancelTicket</a> <!-- method navigator-link -->
                      </span>
                      <br/>
                      <span>
                        <img width="3%" src="passed.png"/>
                        <a href="#" class="method navigator-link" panel-name="suite-Suite" title="com.redbus.tests.LoginTest" hash-for-method="invalid_login_PhoneNumber">invalid_login_PhoneNumber</a> <!-- method navigator-link -->
                      </span>
                      <br/>
                      <span>
                        <img width="3%" src="passed.png"/>
                        <a href="#" class="method navigator-link" panel-name="suite-Suite" title="com.redbus.tests.SearchTest" hash-for-method="invalid_searchCheck">invalid_searchCheck</a> <!-- method navigator-link -->
                      </span>
                      <br/>
                      <span>
                        <img width="3%" src="passed.png"/>
                        <a href="#" class="method navigator-link" panel-name="suite-Suite" title="com.redbus.tests.SearchTest" hash-for-method="invalid_searchCheck2">invalid_searchCheck2</a> <!-- method navigator-link -->
                      </span>
                      <br/>
                      <span>
                        <img width="3%" src="passed.png"/>
                        <a href="#" class="method navigator-link" panel-name="suite-Suite" title="com.redbus.tests.HomePageTest" hash-for-method="invalid_todownloadappViaLink">invalid_todownloadappViaLink</a> <!-- method navigator-link -->
                      </span>
                      <br/>
                      <span>
                        <img width="3%" src="passed.png"/>
                        <a href="#" class="method navigator-link" panel-name="suite-Suite" title="com.redbus.tests.HomePageTest" hash-for-method="invalid_todownloadappViaLink1">invalid_todownloadappViaLink1</a> <!-- method navigator-link -->
                      </span>
                      <br/>
                      <span>
                        <img width="3%" src="passed.png"/>
                        <a href="#" class="method navigator-link" panel-name="suite-Suite" title="com.redbus.tests.TicketDetailsTest" hash-for-method="invalid_togetETicket">invalid_togetETicket</a> <!-- method navigator-link -->
                      </span>
                      <br/>
                      <span>
                        <img width="3%" src="passed.png"/>
                        <a href="#" class="method navigator-link" panel-name="suite-Suite" title="com.redbus.tests.TicketDetailsTest" hash-for-method="invalid_togetETicket1">invalid_togetETicket1</a> <!-- method navigator-link -->
                      </span>
                      <br/>
                      <span>
                        <img width="3%" src="passed.png"/>
                        <a href="#" class="method navigator-link" panel-name="suite-Suite" title="com.redbus.tests.TicketDetailsTest" hash-for-method="invalid_togetETicket2">invalid_togetETicket2</a> <!-- method navigator-link -->
                      </span>
                      <br/>
                      <span>
                        <img width="3%" src="passed.png"/>
                        <a href="#" class="method navigator-link" panel-name="suite-Suite" title="com.redbus.tests.SearchTest" hash-for-method="modifySearch">modifySearch</a> <!-- method navigator-link -->
                      </span>
                      <br/>
                      <span>
                        <img width="3%" src="passed.png"/>
                        <a href="#" class="method navigator-link" panel-name="suite-Suite" title="com.redbus.tests.BusHireTest" hash-for-method="offers">offers</a> <!-- method navigator-link -->
                      </span>
                      <br/>
                      <span>
                        <img width="3%" src="passed.png"/>
                        <a href="#" class="method navigator-link" panel-name="suite-Suite" title="com.redbus.tests.BusTicketTest" hash-for-method="printSmsTicket">printSmsTicket</a> <!-- method navigator-link -->
                      </span>
                      <br/>
                      <span>
                        <img width="3%" src="passed.png"/>
                        <a href="#" class="method navigator-link" panel-name="suite-Suite" title="com.redbus.tests.NavBarTest" hash-for-method="rPool">rPool</a> <!-- method navigator-link -->
                      </span>
                      <br/>
                      <span>
                        <img width="3%" src="passed.png"/>
                        <a href="#" class="method navigator-link" panel-name="suite-Suite" title="com.redbus.tests.HomePageTest" hash-for-method="rbuscares_donateanonymously">rbuscares_donateanonymously</a> <!-- method navigator-link -->
                      </span>
                      <br/>
                      <span>
                        <img width="3%" src="passed.png"/>
                        <a href="#" class="method navigator-link" panel-name="suite-Suite" title="com.redbus.tests.HomePageTest" hash-for-method="rbuscares_navigatePaymentGateway">rbuscares_navigatePaymentGateway</a> <!-- method navigator-link -->
                      </span>
                      <br/>
                      <span>
                        <img width="3%" src="passed.png"/>
                        <a href="#" class="method navigator-link" panel-name="suite-Suite" title="com.redbus.tests.HomePageTest" hash-for-method="rbuscares_toDonateCustomAmount">rbuscares_toDonateCustomAmount</a> <!-- method navigator-link -->
                      </span>
                      <br/>
                      <span>
                        <img width="3%" src="passed.png"/>
                        <a href="#" class="method navigator-link" panel-name="suite-Suite" title="com.redbus.tests.NavBarTest" hash-for-method="redBusLogo">redBusLogo</a> <!-- method navigator-link -->
                      </span>
                      <br/>
                      <span>
                        <img width="3%" src="passed.png"/>
                        <a href="#" class="method navigator-link" panel-name="suite-Suite" title="com.redbus.tests.SearchTest" hash-for-method="valid_search">valid_search</a> <!-- method navigator-link -->
                      </span>
                      <br/>
                      <span>
                        <img width="3%" src="passed.png"/>
                        <a href="#" class="method navigator-link" panel-name="suite-Suite" title="com.redbus.tests.SearchTest" hash-for-method="valid_tofilterSearches">valid_tofilterSearches</a> <!-- method navigator-link -->
                      </span>
                      <br/>
                      <span>
                        <img width="3%" src="passed.png"/>
                        <a href="#" class="method navigator-link" panel-name="suite-Suite" title="com.redbus.tests.TicketDetailsTest" hash-for-method="valid_togetETicket">valid_togetETicket</a> <!-- method navigator-link -->
                      </span>
                      <br/>
                      <span>
                        <img width="3%" src="passed.png"/>
                        <a href="#" class="method navigator-link" panel-name="suite-Suite" title="com.redbus.tests.SearchTest" hash-for-method="valid_toselectSeat">valid_toselectSeat</a> <!-- method navigator-link -->
                      </span>
                      <br/>
                    </div> <!-- method-list-content passed suite-Suite -->
                  </li>
                </ul>
              </div> <!-- suite-section-content -->
            </div> <!-- result-section -->
          </div> <!-- navigator-suite-content -->
        </div> <!-- rounded-window -->
      </div> <!-- suite -->
    </div> <!-- navigator-root -->
    <div class="wrapper">
      <div class="main-panel-root">
        <div panel-name="suite-Suite" class="panel Suite">
          <div class="suite-Suite-class-failed">
            <div class="main-panel-header rounded-window-top">
              <img src="failed.png"/>
              <span class="class-name">com.redbus.tests.LoginTest</span>
            </div> <!-- main-panel-header rounded-window-top -->
            <div class="main-panel-content rounded-window-bottom">
              <div class="method">
                <div class="method-content">
                  <a name="valid_loginCheck">
                  </a> <!-- valid_loginCheck -->
                  <span class="method-name">valid_loginCheck</span>
                  <div class="stack-trace">org.openqa.selenium.TimeoutException: Expected condition failed: waiting for element to be clickable: [[ChromeDriver: chrome on WINDOWS (8a63147d090ffa3bfe8b29c0e291ace2)] -&gt; id: g_id_onload] (tried for 30 second(s) with 500 milliseconds interval)
Build info: version: &apos;3.141.59&apos;, revision: &apos;e82be7d358&apos;, time: &apos;2018-11-14T08:17:03&apos;
System info: host: &apos;SAMIKSHAGUPTA&apos;, ip: &apos;172.17.208.1&apos;, os.name: &apos;Windows 10&apos;, os.arch: &apos;amd64&apos;, os.version: &apos;10.0&apos;, java.version: &apos;1.8.0_291&apos;
Driver info: org.openqa.selenium.chrome.ChromeDriver
Capabilities {acceptInsecureCerts: false, browserName: chrome, browserVersion: 91.0.4472.124, chrome: {chromedriverVersion: 91.0.4472.101 (af52a90bf870..., userDataDir: C:\Users\SAMIKS~1\AppData\L...}, goog:chromeOptions: {debuggerAddress: localhost:55033}, javascriptEnabled: true, networkConnectionEnabled: false, pageLoadStrategy: normal, platform: WINDOWS, platformName: WINDOWS, proxy: Proxy(), setWindowRect: true, strictFileInteractability: false, timeouts: {implicit: 0, pageLoad: 300000, script: 30000}, unhandledPromptBehavior: dismiss and notify, webauthn:extension:largeBlob: true, webauthn:virtualAuthenticators: true}
Session ID: 8a63147d090ffa3bfe8b29c0e291ace2
	at org.openqa.selenium.support.ui.WebDriverWait.timeoutException(WebDriverWait.java:95)
	at org.openqa.selenium.support.ui.FluentWait.until(FluentWait.java:272)
	at com.redbus.pages.LoginPage.clickOn(LoginPage.java:102)
	at com.redbus.tests.LoginTest.valid_loginCheck(LoginTest.java:59)
... Removed 25 stack frames
</div> <!-- stack-trace -->
                </div> <!-- method-content -->
              </div> <!-- method -->
              <div class="method">
                <div class="method-content">
                  <a name="valid_login_wrongEmail">
                  </a> <!-- valid_login_wrongEmail -->
                  <span class="method-name">valid_login_wrongEmail</span>
                  <div class="stack-trace">org.openqa.selenium.TimeoutException: Expected condition failed: waiting for element to be clickable: [[ChromeDriver: chrome on WINDOWS (3dc62faf49e31702a8d22c3208dc893b)] -&gt; id: g_id_onload] (tried for 30 second(s) with 500 milliseconds interval)
Build info: version: &apos;3.141.59&apos;, revision: &apos;e82be7d358&apos;, time: &apos;2018-11-14T08:17:03&apos;
System info: host: &apos;SAMIKSHAGUPTA&apos;, ip: &apos;172.17.208.1&apos;, os.name: &apos;Windows 10&apos;, os.arch: &apos;amd64&apos;, os.version: &apos;10.0&apos;, java.version: &apos;1.8.0_291&apos;
Driver info: org.openqa.selenium.chrome.ChromeDriver
Capabilities {acceptInsecureCerts: false, browserName: chrome, browserVersion: 91.0.4472.124, chrome: {chromedriverVersion: 91.0.4472.101 (af52a90bf870..., userDataDir: C:\Users\SAMIKS~1\AppData\L...}, goog:chromeOptions: {debuggerAddress: localhost:52753}, javascriptEnabled: true, networkConnectionEnabled: false, pageLoadStrategy: normal, platform: WINDOWS, platformName: WINDOWS, proxy: Proxy(), setWindowRect: true, strictFileInteractability: false, timeouts: {implicit: 0, pageLoad: 300000, script: 30000}, unhandledPromptBehavior: dismiss and notify, webauthn:extension:largeBlob: true, webauthn:virtualAuthenticators: true}
Session ID: 3dc62faf49e31702a8d22c3208dc893b
	at org.openqa.selenium.support.ui.WebDriverWait.timeoutException(WebDriverWait.java:95)
	at org.openqa.selenium.support.ui.FluentWait.until(FluentWait.java:272)
	at com.redbus.pages.LoginPage.clickOn(LoginPage.java:102)
	at com.redbus.tests.LoginTest.valid_login_wrongEmail(LoginTest.java:182)
... Removed 25 stack frames
</div> <!-- stack-trace -->
                </div> <!-- method-content -->
              </div> <!-- method -->
              <div class="method">
                <div class="method-content">
                  <a name="valid_login_wrongPassword">
                  </a> <!-- valid_login_wrongPassword -->
                  <span class="method-name">valid_login_wrongPassword</span>
                  <div class="stack-trace">org.openqa.selenium.TimeoutException: Expected condition failed: waiting for element to be clickable: [[ChromeDriver: chrome on WINDOWS (13aa9466d1339cd94d7bc9e0577dcf3f)] -&gt; id: g_id_onload] (tried for 30 second(s) with 500 milliseconds interval)
Build info: version: &apos;3.141.59&apos;, revision: &apos;e82be7d358&apos;, time: &apos;2018-11-14T08:17:03&apos;
System info: host: &apos;SAMIKSHAGUPTA&apos;, ip: &apos;172.17.208.1&apos;, os.name: &apos;Windows 10&apos;, os.arch: &apos;amd64&apos;, os.version: &apos;10.0&apos;, java.version: &apos;1.8.0_291&apos;
Driver info: org.openqa.selenium.chrome.ChromeDriver
Capabilities {acceptInsecureCerts: false, browserName: chrome, browserVersion: 91.0.4472.124, chrome: {chromedriverVersion: 91.0.4472.101 (af52a90bf870..., userDataDir: C:\Users\SAMIKS~1\AppData\L...}, goog:chromeOptions: {debuggerAddress: localhost:63857}, javascriptEnabled: true, networkConnectionEnabled: false, pageLoadStrategy: normal, platform: WINDOWS, platformName: WINDOWS, proxy: Proxy(), setWindowRect: true, strictFileInteractability: false, timeouts: {implicit: 0, pageLoad: 300000, script: 30000}, unhandledPromptBehavior: dismiss and notify, webauthn:extension:largeBlob: true, webauthn:virtualAuthenticators: true}
Session ID: 13aa9466d1339cd94d7bc9e0577dcf3f
	at org.openqa.selenium.support.ui.WebDriverWait.timeoutException(WebDriverWait.java:95)
	at org.openqa.selenium.support.ui.FluentWait.until(FluentWait.java:272)
	at com.redbus.pages.LoginPage.clickOn(LoginPage.java:102)
	at com.redbus.tests.LoginTest.valid_login_wrongPassword(LoginTest.java:251)
... Removed 25 stack frames
</div> <!-- stack-trace -->
                </div> <!-- method-content -->
              </div> <!-- method -->
            </div> <!-- main-panel-content rounded-window-bottom -->
          </div> <!-- suite-Suite-class-failed -->
          <div class="suite-Suite-class-passed">
            <div class="main-panel-header rounded-window-top">
              <img src="passed.png"/>
              <span class="class-name">com.redbus.tests.HomePageTest</span>
            </div> <!-- main-panel-header rounded-window-top -->
            <div class="main-panel-content rounded-window-bottom">
              <div class="method">
                <div class="method-content">
                  <a name="invalid_todownloadappViaLink">
                  </a> <!-- invalid_todownloadappViaLink -->
                  <span class="method-name">invalid_todownloadappViaLink</span>
                </div> <!-- method-content -->
              </div> <!-- method -->
              <div class="method">
                <div class="method-content">
                  <a name="invalid_todownloadappViaLink1">
                  </a> <!-- invalid_todownloadappViaLink1 -->
                  <span class="method-name">invalid_todownloadappViaLink1</span>
                </div> <!-- method-content -->
              </div> <!-- method -->
              <div class="method">
                <div class="method-content">
                  <a name="rbuscares_donateanonymously">
                  </a> <!-- rbuscares_donateanonymously -->
                  <span class="method-name">rbuscares_donateanonymously</span>
                </div> <!-- method-content -->
              </div> <!-- method -->
              <div class="method">
                <div class="method-content">
                  <a name="rbuscares_navigatePaymentGateway">
                  </a> <!-- rbuscares_navigatePaymentGateway -->
                  <span class="method-name">rbuscares_navigatePaymentGateway</span>
                </div> <!-- method-content -->
              </div> <!-- method -->
              <div class="method">
                <div class="method-content">
                  <a name="rbuscares_toDonateCustomAmount">
                  </a> <!-- rbuscares_toDonateCustomAmount -->
                  <span class="method-name">rbuscares_toDonateCustomAmount</span>
                </div> <!-- method-content -->
              </div> <!-- method -->
            </div> <!-- main-panel-content rounded-window-bottom -->
          </div> <!-- suite-Suite-class-passed -->
          <div class="suite-Suite-class-passed">
            <div class="main-panel-header rounded-window-top">
              <img src="passed.png"/>
              <span class="class-name">com.redbus.tests.LoginTest</span>
            </div> <!-- main-panel-header rounded-window-top -->
            <div class="main-panel-content rounded-window-bottom">
              <div class="method">
                <div class="method-content">
                  <a name="invalid_login_PhoneNumber">
                  </a> <!-- invalid_login_PhoneNumber -->
                  <span class="method-name">invalid_login_PhoneNumber</span>
                </div> <!-- method-content -->
              </div> <!-- method -->
            </div> <!-- main-panel-content rounded-window-bottom -->
          </div> <!-- suite-Suite-class-passed -->
          <div class="suite-Suite-class-passed">
            <div class="main-panel-header rounded-window-top">
              <img src="passed.png"/>
              <span class="class-name">com.redbus.tests.SearchTest</span>
            </div> <!-- main-panel-header rounded-window-top -->
            <div class="main-panel-content rounded-window-bottom">
              <div class="method">
                <div class="method-content">
                  <a name="invalid_searchCheck">
                  </a> <!-- invalid_searchCheck -->
                  <span class="method-name">invalid_searchCheck</span>
                </div> <!-- method-content -->
              </div> <!-- method -->
              <div class="method">
                <div class="method-content">
                  <a name="invalid_searchCheck2">
                  </a> <!-- invalid_searchCheck2 -->
                  <span class="method-name">invalid_searchCheck2</span>
                </div> <!-- method-content -->
              </div> <!-- method -->
              <div class="method">
                <div class="method-content">
                  <a name="modifySearch">
                  </a> <!-- modifySearch -->
                  <span class="method-name">modifySearch</span>
                </div> <!-- method-content -->
              </div> <!-- method -->
              <div class="method">
                <div class="method-content">
                  <a name="valid_search">
                  </a> <!-- valid_search -->
                  <span class="method-name">valid_search</span>
                </div> <!-- method-content -->
              </div> <!-- method -->
              <div class="method">
                <div class="method-content">
                  <a name="valid_tofilterSearches">
                  </a> <!-- valid_tofilterSearches -->
                  <span class="method-name">valid_tofilterSearches</span>
                </div> <!-- method-content -->
              </div> <!-- method -->
              <div class="method">
                <div class="method-content">
                  <a name="valid_toselectSeat">
                  </a> <!-- valid_toselectSeat -->
                  <span class="method-name">valid_toselectSeat</span>
                </div> <!-- method-content -->
              </div> <!-- method -->
            </div> <!-- main-panel-content rounded-window-bottom -->
          </div> <!-- suite-Suite-class-passed -->
          <div class="suite-Suite-class-passed">
            <div class="main-panel-header rounded-window-top">
              <img src="passed.png"/>
              <span class="class-name">com.redbus.tests.BusHireTest</span>
            </div> <!-- main-panel-header rounded-window-top -->
            <div class="main-panel-content rounded-window-bottom">
              <div class="method">
                <div class="method-content">
                  <a name="offers">
                  </a> <!-- offers -->
                  <span class="method-name">offers</span>
                </div> <!-- method-content -->
              </div> <!-- method -->
            </div> <!-- main-panel-content rounded-window-bottom -->
          </div> <!-- suite-Suite-class-passed -->
          <div class="suite-Suite-class-passed">
            <div class="main-panel-header rounded-window-top">
              <img src="passed.png"/>
              <span class="class-name">com.redbus.tests.BusTicketTest</span>
            </div> <!-- main-panel-header rounded-window-top -->
            <div class="main-panel-content rounded-window-bottom">
              <div class="method">
                <div class="method-content">
                  <a name="cancelTicket">
                  </a> <!-- cancelTicket -->
                  <span class="method-name">cancelTicket</span>
                </div> <!-- method-content -->
              </div> <!-- method -->
              <div class="method">
                <div class="method-content">
                  <a name="printSmsTicket">
                  </a> <!-- printSmsTicket -->
                  <span class="method-name">printSmsTicket</span>
                </div> <!-- method-content -->
              </div> <!-- method -->
            </div> <!-- main-panel-content rounded-window-bottom -->
          </div> <!-- suite-Suite-class-passed -->
          <div class="suite-Suite-class-passed">
            <div class="main-panel-header rounded-window-top">
              <img src="passed.png"/>
              <span class="class-name">com.redbus.tests.NavBarTest</span>
            </div> <!-- main-panel-header rounded-window-top -->
            <div class="main-panel-content rounded-window-bottom">
              <div class="method">
                <div class="method-content">
                  <a name="busHire">
                  </a> <!-- busHire -->
                  <span class="method-name">busHire</span>
                </div> <!-- method-content -->
              </div> <!-- method -->
              <div class="method">
                <div class="method-content">
                  <a name="busTicket">
                  </a> <!-- busTicket -->
                  <span class="method-name">busTicket</span>
                </div> <!-- method-content -->
              </div> <!-- method -->
              <div class="method">
                <div class="method-content">
                  <a name="rPool">
                  </a> <!-- rPool -->
                  <span class="method-name">rPool</span>
                </div> <!-- method-content -->
              </div> <!-- method -->
              <div class="method">
                <div class="method-content">
                  <a name="redBusLogo">
                  </a> <!-- redBusLogo -->
                  <span class="method-name">redBusLogo</span>
                </div> <!-- method-content -->
              </div> <!-- method -->
            </div> <!-- main-panel-content rounded-window-bottom -->
          </div> <!-- suite-Suite-class-passed -->
          <div class="suite-Suite-class-passed">
            <div class="main-panel-header rounded-window-top">
              <img src="passed.png"/>
              <span class="class-name">com.redbus.tests.TicketDetailsTest</span>
            </div> <!-- main-panel-header rounded-window-top -->
            <div class="main-panel-content rounded-window-bottom">
              <div class="method">
                <div class="method-content">
                  <a name="invalid_togetETicket">
                  </a> <!-- invalid_togetETicket -->
                  <span class="method-name">invalid_togetETicket</span>
                </div> <!-- method-content -->
              </div> <!-- method -->
              <div class="method">
                <div class="method-content">
                  <a name="invalid_togetETicket1">
                  </a> <!-- invalid_togetETicket1 -->
                  <span class="method-name">invalid_togetETicket1</span>
                </div> <!-- method-content -->
              </div> <!-- method -->
              <div class="method">
                <div class="method-content">
                  <a name="invalid_togetETicket2">
                  </a> <!-- invalid_togetETicket2 -->
                  <span class="method-name">invalid_togetETicket2</span>
                </div> <!-- method-content -->
              </div> <!-- method -->
              <div class="method">
                <div class="method-content">
                  <a name="valid_togetETicket">
                  </a> <!-- valid_togetETicket -->
                  <span class="method-name">valid_togetETicket</span>
                </div> <!-- method-content -->
              </div> <!-- method -->
            </div> <!-- main-panel-content rounded-window-bottom -->
          </div> <!-- suite-Suite-class-passed -->
        </div> <!-- panel Suite -->
        <div panel-name="test-xml-Suite" class="panel">
          <div class="main-panel-header rounded-window-top">
            <span class="header-content">C:\Users\samikshagupta\eclipse-workspace\ExitTest_Assignment\testng.xml</span>
          </div> <!-- main-panel-header rounded-window-top -->
          <div class="main-panel-content rounded-window-bottom">
            <pre>
&lt;?xml version=&quot;1.0&quot; encoding=&quot;UTF-8&quot;?&gt;
&lt;!DOCTYPE suite SYSTEM &quot;http://testng.org/testng-1.0.dtd&quot;&gt;
&lt;suite guice-stage=&quot;DEVELOPMENT&quot; name=&quot;Suite&quot;&gt;
  &lt;test thread-count=&quot;5&quot; name=&quot;Test&quot;&gt;
    &lt;classes&gt;
      &lt;class name=&quot;com.redbus.tests.BusHireTest&quot;/&gt;
      &lt;class name=&quot;com.redbus.tests.SearchTest&quot;/&gt;
      &lt;class name=&quot;com.redbus.tests.BusTicketTest&quot;/&gt;
      &lt;class name=&quot;com.redbus.tests.HomePageTest&quot;/&gt;
      &lt;class name=&quot;com.redbus.tests.LoginTest&quot;/&gt;
      &lt;class name=&quot;com.redbus.tests.TicketDetailsTest&quot;/&gt;
      &lt;class name=&quot;com.redbus.tests.NavBarTest&quot;/&gt;
    &lt;/classes&gt;
  &lt;/test&gt; &lt;!-- Test --&gt;
&lt;/suite&gt; &lt;!-- Suite --&gt;
            </pre>
          </div> <!-- main-panel-content rounded-window-bottom -->
        </div> <!-- panel -->
        <div panel-name="testlist-Suite" class="panel">
          <div class="main-panel-header rounded-window-top">
            <span class="header-content">Tests for Suite</span>
          </div> <!-- main-panel-header rounded-window-top -->
          <div class="main-panel-content rounded-window-bottom">
            <ul>
              <li>
                <span class="test-name">Test (7 classes)</span>
              </li>
            </ul>
          </div> <!-- main-panel-content rounded-window-bottom -->
        </div> <!-- panel -->
        <div panel-name="group-Suite" class="panel">
          <div class="main-panel-header rounded-window-top">
            <span class="header-content">Groups for Suite</span>
          </div> <!-- main-panel-header rounded-window-top -->
          <div class="main-panel-content rounded-window-bottom">
          </div> <!-- main-panel-content rounded-window-bottom -->
        </div> <!-- panel -->
        <div panel-name="times-Suite" class="panel">
          <div class="main-panel-header rounded-window-top">
            <span class="header-content">Times for Suite</span>
          </div> <!-- main-panel-header rounded-window-top -->
          <div class="main-panel-content rounded-window-bottom">
            <div class="times-div">
              <script type="text/javascript">
suiteTableInitFunctions.push('tableData_Suite');
function tableData_Suite() {
var data = new google.visualization.DataTable();
data.addColumn('number', 'Number');
data.addColumn('string', 'Method');
data.addColumn('string', 'Class');
data.addColumn('number', 'Time (ms)');
data.addRows(26);
data.setCell(0, 0, 0)
data.setCell(0, 1, 'valid_login_wrongEmail')
data.setCell(0, 2, 'com.redbus.tests.LoginTest')
data.setCell(0, 3, 32932);
data.setCell(1, 0, 1)
data.setCell(1, 1, 'valid_loginCheck')
data.setCell(1, 2, 'com.redbus.tests.LoginTest')
data.setCell(1, 3, 32375);
data.setCell(2, 0, 2)
data.setCell(2, 1, 'valid_login_wrongPassword')
data.setCell(2, 2, 'com.redbus.tests.LoginTest')
data.setCell(2, 3, 31801);
data.setCell(3, 0, 3)
data.setCell(3, 1, 'valid_search')
data.setCell(3, 2, 'com.redbus.tests.SearchTest')
data.setCell(3, 3, 12013);
data.setCell(4, 0, 4)
data.setCell(4, 1, 'offers')
data.setCell(4, 2, 'com.redbus.tests.BusHireTest')
data.setCell(4, 3, 11864);
data.setCell(5, 0, 5)
data.setCell(5, 1, 'invalid_searchCheck')
data.setCell(5, 2, 'com.redbus.tests.SearchTest')
data.setCell(5, 3, 11664);
data.setCell(6, 0, 6)
data.setCell(6, 1, 'valid_toselectSeat')
data.setCell(6, 2, 'com.redbus.tests.SearchTest')
data.setCell(6, 3, 11518);
data.setCell(7, 0, 7)
data.setCell(7, 1, 'rbuscares_navigatePaymentGateway')
data.setCell(7, 2, 'com.redbus.tests.HomePageTest')
data.setCell(7, 3, 9708);
data.setCell(8, 0, 8)
data.setCell(8, 1, 'valid_tofilterSearches')
data.setCell(8, 2, 'com.redbus.tests.SearchTest')
data.setCell(8, 3, 9192);
data.setCell(9, 0, 9)
data.setCell(9, 1, 'modifySearch')
data.setCell(9, 2, 'com.redbus.tests.SearchTest')
data.setCell(9, 3, 8662);
data.setCell(10, 0, 10)
data.setCell(10, 1, 'invalid_searchCheck2')
data.setCell(10, 2, 'com.redbus.tests.SearchTest')
data.setCell(10, 3, 7078);
data.setCell(11, 0, 11)
data.setCell(11, 1, 'cancelTicket')
data.setCell(11, 2, 'com.redbus.tests.BusTicketTest')
data.setCell(11, 3, 4421);
data.setCell(12, 0, 12)
data.setCell(12, 1, 'printSmsTicket')
data.setCell(12, 2, 'com.redbus.tests.BusTicketTest')
data.setCell(12, 3, 4243);
data.setCell(13, 0, 13)
data.setCell(13, 1, 'invalid_login_PhoneNumber')
data.setCell(13, 2, 'com.redbus.tests.LoginTest')
data.setCell(13, 3, 2813);
data.setCell(14, 0, 14)
data.setCell(14, 1, 'busHire')
data.setCell(14, 2, 'com.redbus.tests.NavBarTest')
data.setCell(14, 3, 2725);
data.setCell(15, 0, 15)
data.setCell(15, 1, 'busTicket')
data.setCell(15, 2, 'com.redbus.tests.NavBarTest')
data.setCell(15, 3, 2449);
data.setCell(16, 0, 16)
data.setCell(16, 1, 'rbuscares_donateanonymously')
data.setCell(16, 2, 'com.redbus.tests.HomePageTest')
data.setCell(16, 3, 2448);
data.setCell(17, 0, 17)
data.setCell(17, 1, 'valid_togetETicket')
data.setCell(17, 2, 'com.redbus.tests.TicketDetailsTest')
data.setCell(17, 3, 2305);
data.setCell(18, 0, 18)
data.setCell(18, 1, 'invalid_togetETicket1')
data.setCell(18, 2, 'com.redbus.tests.TicketDetailsTest')
data.setCell(18, 3, 2156);
data.setCell(19, 0, 19)
data.setCell(19, 1, 'rbuscares_toDonateCustomAmount')
data.setCell(19, 2, 'com.redbus.tests.HomePageTest')
data.setCell(19, 3, 2090);
data.setCell(20, 0, 20)
data.setCell(20, 1, 'invalid_togetETicket')
data.setCell(20, 2, 'com.redbus.tests.TicketDetailsTest')
data.setCell(20, 3, 2067);
data.setCell(21, 0, 21)
data.setCell(21, 1, 'invalid_togetETicket2')
data.setCell(21, 2, 'com.redbus.tests.TicketDetailsTest')
data.setCell(21, 3, 1490);
data.setCell(22, 0, 22)
data.setCell(22, 1, 'rPool')
data.setCell(22, 2, 'com.redbus.tests.NavBarTest')
data.setCell(22, 3, 1122);
data.setCell(23, 0, 23)
data.setCell(23, 1, 'invalid_todownloadappViaLink')
data.setCell(23, 2, 'com.redbus.tests.HomePageTest')
data.setCell(23, 3, 954);
data.setCell(24, 0, 24)
data.setCell(24, 1, 'redBusLogo')
data.setCell(24, 2, 'com.redbus.tests.NavBarTest')
data.setCell(24, 3, 729);
data.setCell(25, 0, 25)
data.setCell(25, 1, 'invalid_todownloadappViaLink1')
data.setCell(25, 2, 'com.redbus.tests.HomePageTest')
data.setCell(25, 3, 676);
window.suiteTableData['Suite']= { tableData: data, tableDiv: 'times-div-Suite'}
return data;
}
              </script>
              <span class="suite-total-time">Total running time: 3 minutes</span>
              <div id="times-div-Suite">
              </div> <!-- times-div-Suite -->
            </div> <!-- times-div -->
          </div> <!-- main-panel-content rounded-window-bottom -->
        </div> <!-- panel -->
        <div panel-name="reporter-Suite" class="panel">
          <div class="main-panel-header rounded-window-top">
            <span class="header-content">Reporter output for Suite</span>
          </div> <!-- main-panel-header rounded-window-top -->
          <div class="main-panel-content rounded-window-bottom">
          </div> <!-- main-panel-content rounded-window-bottom -->
        </div> <!-- panel -->
        <div panel-name="ignored-methods-Suite" class="panel">
          <div class="main-panel-header rounded-window-top">
            <span class="header-content">12 ignored methods</span>
          </div> <!-- main-panel-header rounded-window-top -->
          <div class="main-panel-content rounded-window-bottom">
            <div class="ignored-class-div">
              <span class="ignored-class-name">com.redbus.tests.HomePageTest</span>
              <div class="ignored-methods-div">
                <span class="ignored-method-name">endReport</span>
                <br/>
                <span class="ignored-method-name">setExtent</span>
                <br/>
              </div> <!-- ignored-methods-div -->
            </div> <!-- ignored-class-div -->
            <div class="ignored-class-div">
              <span class="ignored-class-name">com.redbus.tests.LoginTest</span>
              <div class="ignored-methods-div">
                <span class="ignored-method-name">endReport</span>
                <br/>
                <span class="ignored-method-name">setExtent</span>
                <br/>
              </div> <!-- ignored-methods-div -->
            </div> <!-- ignored-class-div -->
            <div class="ignored-class-div">
              <span class="ignored-class-name">com.redbus.tests.SearchTest</span>
              <div class="ignored-methods-div">
                <span class="ignored-method-name">endReport</span>
                <br/>
                <span class="ignored-method-name">setExtent</span>
                <br/>
              </div> <!-- ignored-methods-div -->
            </div> <!-- ignored-class-div -->
            <div class="ignored-class-div">
              <span class="ignored-class-name">com.redbus.tests.BusTicketTest</span>
              <div class="ignored-methods-div">
                <span class="ignored-method-name">endReport</span>
                <br/>
                <span class="ignored-method-name">setExtent</span>
                <br/>
              </div> <!-- ignored-methods-div -->
            </div> <!-- ignored-class-div -->
            <div class="ignored-class-div">
              <span class="ignored-class-name">com.redbus.tests.NavBarTest</span>
              <div class="ignored-methods-div">
                <span class="ignored-method-name">endReport</span>
                <br/>
                <span class="ignored-method-name">setExtent</span>
                <br/>
              </div> <!-- ignored-methods-div -->
            </div> <!-- ignored-class-div -->
            <div class="ignored-class-div">
              <span class="ignored-class-name">com.redbus.tests.TicketDetailsTest</span>
              <div class="ignored-methods-div">
                <span class="ignored-method-name">endReport</span>
                <br/>
                <span class="ignored-method-name">setExtent</span>
                <br/>
              </div> <!-- ignored-methods-div -->
            </div> <!-- ignored-class-div -->
          </div> <!-- main-panel-content rounded-window-bottom -->
        </div> <!-- panel -->
        <div panel-name="chronological-Suite" class="panel">
          <div class="main-panel-header rounded-window-top">
            <span class="header-content">Methods in chronological order</span>
          </div> <!-- main-panel-header rounded-window-top -->
          <div class="main-panel-content rounded-window-bottom">
            <div class="chronological-class">
              <div class="chronological-class-name">com.redbus.tests.BusHireTest</div> <!-- chronological-class-name -->
              <div class="configuration-suite before">
                <span class="method-name">setExtent</span>
                <span class="method-start">0 ms</span>
              </div> <!-- configuration-suite before -->
              <div class="configuration-method before">
                <span class="method-name">intializeWebDriver</span>
                <span class="method-start">344 ms</span>
              </div> <!-- configuration-method before -->
              <div class="configuration-method before">
                <span class="method-name">openBrowser</span>
                <span class="method-start">3161 ms</span>
              </div> <!-- configuration-method before -->
              <div class="test-method">
                <span class="method-name">offers</span>
                <span class="method-start">9925 ms</span>
              </div> <!-- test-method -->
              <div class="configuration-method after">
                <span class="method-name">attachScreenshot([TestResult name=offers status=SUCCESS method=BusHireTest.offers()[pri:0, instance:com.redbus.tests....)</span>
                <span class="method-start">21791 ms</span>
              </div> <!-- configuration-method after -->
              <div class="configuration-method after">
                <span class="method-name">closeBrowser</span>
                <span class="method-start">21795 ms</span>
              </div> <!-- configuration-method after -->
              <div class="configuration-method after">
                <span class="method-name">reportclose</span>
                <span class="method-start">21795 ms</span>
              </div> <!-- configuration-method after -->
            </div> <!-- chronological-class -->
            <div class="chronological-class">
              <div class="chronological-class-name">com.redbus.tests.SearchTest</div> <!-- chronological-class-name -->
              <div class="configuration-method before">
                <span class="method-name">intializeWebDriver</span>
                <span class="method-start">22488 ms</span>
              </div> <!-- configuration-method before -->
              <div class="configuration-method before">
                <span class="method-name">openBrowser</span>
                <span class="method-start">23628 ms</span>
              </div> <!-- configuration-method before -->
              <div class="test-method">
                <span class="method-name">invalid_searchCheck</span>
                <span class="method-start">27791 ms</span>
              </div> <!-- test-method -->
              <div class="configuration-method after">
                <span class="method-name">attachScreenshot([TestResult name=invalid_searchCheck status=SUCCESS method=SearchTest.invalid_searchCheck()[pri:0, i...)</span>
                <span class="method-start">39455 ms</span>
              </div> <!-- configuration-method after -->
              <div class="configuration-method after">
                <span class="method-name">closeBrowser</span>
                <span class="method-start">39455 ms</span>
              </div> <!-- configuration-method after -->
              <div class="configuration-method after">
                <span class="method-name">reportclose</span>
                <span class="method-start">39455 ms</span>
              </div> <!-- configuration-method after -->
              <div class="configuration-method before">
                <span class="method-name">intializeWebDriver</span>
                <span class="method-start">40044 ms</span>
              </div> <!-- configuration-method before -->
              <div class="configuration-method before">
                <span class="method-name">openBrowser</span>
                <span class="method-start">41118 ms</span>
              </div> <!-- configuration-method before -->
              <div class="test-method">
                <span class="method-name">invalid_searchCheck2</span>
                <span class="method-start">47239 ms</span>
              </div> <!-- test-method -->
              <div class="configuration-method after">
                <span class="method-name">attachScreenshot([TestResult name=invalid_searchCheck2 status=SUCCESS method=SearchTest.invalid_searchCheck2()[pri:0,...)</span>
                <span class="method-start">54318 ms</span>
              </div> <!-- configuration-method after -->
              <div class="configuration-method after">
                <span class="method-name">reportclose</span>
                <span class="method-start">54318 ms</span>
              </div> <!-- configuration-method after -->
              <div class="configuration-method after">
                <span class="method-name">closeBrowser</span>
                <span class="method-start">54319 ms</span>
              </div> <!-- configuration-method after -->
              <div class="configuration-method before">
                <span class="method-name">intializeWebDriver</span>
                <span class="method-start">54986 ms</span>
              </div> <!-- configuration-method before -->
              <div class="configuration-method before">
                <span class="method-name">openBrowser</span>
                <span class="method-start">56176 ms</span>
              </div> <!-- configuration-method before -->
              <div class="test-method">
                <span class="method-name">modifySearch</span>
                <span class="method-start">59282 ms</span>
              </div> <!-- test-method -->
              <div class="configuration-method after">
                <span class="method-name">attachScreenshot([TestResult name=modifySearch status=SUCCESS method=SearchTest.modifySearch()[pri:0, instance:com.re...)</span>
                <span class="method-start">67945 ms</span>
              </div> <!-- configuration-method after -->
              <div class="configuration-method after">
                <span class="method-name">reportclose</span>
                <span class="method-start">67946 ms</span>
              </div> <!-- configuration-method after -->
              <div class="configuration-method after">
                <span class="method-name">closeBrowser</span>
                <span class="method-start">67947 ms</span>
              </div> <!-- configuration-method after -->
              <div class="configuration-method before">
                <span class="method-name">intializeWebDriver</span>
                <span class="method-start">68659 ms</span>
              </div> <!-- configuration-method before -->
              <div class="configuration-method before">
                <span class="method-name">openBrowser</span>
                <span class="method-start">69974 ms</span>
              </div> <!-- configuration-method before -->
              <div class="test-method">
                <span class="method-name">valid_search</span>
                <span class="method-start">75044 ms</span>
              </div> <!-- test-method -->
              <div class="configuration-method after">
                <span class="method-name">attachScreenshot([TestResult name=valid_search status=SUCCESS method=SearchTest.valid_search()[pri:0, instance:com.re...)</span>
                <span class="method-start">87058 ms</span>
              </div> <!-- configuration-method after -->
              <div class="configuration-method after">
                <span class="method-name">reportclose</span>
                <span class="method-start">87058 ms</span>
              </div> <!-- configuration-method after -->
              <div class="configuration-method after">
                <span class="method-name">closeBrowser</span>
                <span class="method-start">87059 ms</span>
              </div> <!-- configuration-method after -->
              <div class="configuration-method before">
                <span class="method-name">intializeWebDriver</span>
                <span class="method-start">87691 ms</span>
              </div> <!-- configuration-method before -->
              <div class="configuration-method before">
                <span class="method-name">openBrowser</span>
                <span class="method-start">88806 ms</span>
              </div> <!-- configuration-method before -->
              <div class="test-method">
                <span class="method-name">valid_tofilterSearches</span>
                <span class="method-start">93082 ms</span>
              </div> <!-- test-method -->
              <div class="configuration-method after">
                <span class="method-name">attachScreenshot([TestResult name=valid_tofilterSearches status=SUCCESS method=SearchTest.valid_tofilterSearches()[pr...)</span>
                <span class="method-start">102276 ms</span>
              </div> <!-- configuration-method after -->
              <div class="configuration-method after">
                <span class="method-name">closeBrowser</span>
                <span class="method-start">102276 ms</span>
              </div> <!-- configuration-method after -->
              <div class="configuration-method after">
                <span class="method-name">reportclose</span>
                <span class="method-start">102276 ms</span>
              </div> <!-- configuration-method after -->
              <div class="configuration-method before">
                <span class="method-name">intializeWebDriver</span>
                <span class="method-start">102956 ms</span>
              </div> <!-- configuration-method before -->
              <div class="configuration-method before">
                <span class="method-name">openBrowser</span>
                <span class="method-start">104074 ms</span>
              </div> <!-- configuration-method before -->
              <div class="test-method">
                <span class="method-name">valid_toselectSeat</span>
                <span class="method-start">107506 ms</span>
              </div> <!-- test-method -->
              <div class="configuration-method after">
                <span class="method-name">attachScreenshot([TestResult name=valid_toselectSeat status=SUCCESS method=SearchTest.valid_toselectSeat()[pri:0, ins...)</span>
                <span class="method-start">119026 ms</span>
              </div> <!-- configuration-method after -->
              <div class="configuration-method after">
                <span class="method-name">reportclose</span>
                <span class="method-start">119026 ms</span>
              </div> <!-- configuration-method after -->
              <div class="configuration-method after">
                <span class="method-name">closeBrowser</span>
                <span class="method-start">119027 ms</span>
              </div> <!-- configuration-method after -->
            </div> <!-- chronological-class -->
            <div class="chronological-class">
              <div class="chronological-class-name">com.redbus.tests.BusTicketTest</div> <!-- chronological-class-name -->
              <div class="configuration-method before">
                <span class="method-name">intializeWebDriver</span>
                <span class="method-start">119787 ms</span>
              </div> <!-- configuration-method before -->
              <div class="configuration-method before">
                <span class="method-name">openBrowser</span>
                <span class="method-start">121124 ms</span>
              </div> <!-- configuration-method before -->
              <div class="test-method">
                <span class="method-name">cancelTicket</span>
                <span class="method-start">137734 ms</span>
              </div> <!-- test-method -->
              <div class="configuration-method after">
                <span class="method-name">attachScreenshot([TestResult name=cancelTicket status=SUCCESS method=BusTicketTest.cancelTicket()[pri:0, instance:com...)</span>
                <span class="method-start">142157 ms</span>
              </div> <!-- configuration-method after -->
              <div class="configuration-method after">
                <span class="method-name">reportclose</span>
                <span class="method-start">142158 ms</span>
              </div> <!-- configuration-method after -->
              <div class="configuration-method after">
                <span class="method-name">closeBrowser</span>
                <span class="method-start">142159 ms</span>
              </div> <!-- configuration-method after -->
              <div class="configuration-method before">
                <span class="method-name">intializeWebDriver</span>
                <span class="method-start">143035 ms</span>
              </div> <!-- configuration-method before -->
              <div class="configuration-method before">
                <span class="method-name">openBrowser</span>
                <span class="method-start">144190 ms</span>
              </div> <!-- configuration-method before -->
              <div class="test-method">
                <span class="method-name">printSmsTicket</span>
                <span class="method-start">148801 ms</span>
              </div> <!-- test-method -->
              <div class="configuration-method after">
                <span class="method-name">attachScreenshot([TestResult name=printSmsTicket status=SUCCESS method=BusTicketTest.printSmsTicket()[pri:0, instance...)</span>
                <span class="method-start">153045 ms</span>
              </div> <!-- configuration-method after -->
              <div class="configuration-method after">
                <span class="method-name">reportclose</span>
                <span class="method-start">153045 ms</span>
              </div> <!-- configuration-method after -->
              <div class="configuration-method after">
                <span class="method-name">closeBrowser</span>
                <span class="method-start">153046 ms</span>
              </div> <!-- configuration-method after -->
            </div> <!-- chronological-class -->
            <div class="chronological-class">
              <div class="chronological-class-name">com.redbus.tests.HomePageTest</div> <!-- chronological-class-name -->
              <div class="configuration-method before">
                <span class="method-name">intializeWebDriver</span>
                <span class="method-start">153682 ms</span>
              </div> <!-- configuration-method before -->
              <div class="configuration-method before">
                <span class="method-name">openBrowser</span>
                <span class="method-start">154797 ms</span>
              </div> <!-- configuration-method before -->
              <div class="test-method">
                <span class="method-name">invalid_todownloadappViaLink</span>
                <span class="method-start">157018 ms</span>
              </div> <!-- test-method -->
              <div class="configuration-method after">
                <span class="method-name">attachScreenshot([TestResult name=invalid_todownloadappViaLink status=SUCCESS method=HomePageTest.invalid_todownloada...)</span>
                <span class="method-start">157973 ms</span>
              </div> <!-- configuration-method after -->
              <div class="configuration-method after">
                <span class="method-name">closeBrowser</span>
                <span class="method-start">157974 ms</span>
              </div> <!-- configuration-method after -->
              <div class="configuration-method after">
                <span class="method-name">reportclose</span>
                <span class="method-start">157974 ms</span>
              </div> <!-- configuration-method after -->
              <div class="configuration-method before">
                <span class="method-name">intializeWebDriver</span>
                <span class="method-start">158591 ms</span>
              </div> <!-- configuration-method before -->
              <div class="configuration-method before">
                <span class="method-name">openBrowser</span>
                <span class="method-start">160017 ms</span>
              </div> <!-- configuration-method before -->
              <div class="test-method">
                <span class="method-name">invalid_todownloadappViaLink1</span>
                <span class="method-start">163442 ms</span>
              </div> <!-- test-method -->
              <div class="configuration-method after">
                <span class="method-name">attachScreenshot([TestResult name=invalid_todownloadappViaLink1 status=SUCCESS method=HomePageTest.invalid_todownload...)</span>
                <span class="method-start">164120 ms</span>
              </div> <!-- configuration-method after -->
              <div class="configuration-method after">
                <span class="method-name">reportclose</span>
                <span class="method-start">164121 ms</span>
              </div> <!-- configuration-method after -->
              <div class="configuration-method after">
                <span class="method-name">closeBrowser</span>
                <span class="method-start">164122 ms</span>
              </div> <!-- configuration-method after -->
              <div class="configuration-method before">
                <span class="method-name">intializeWebDriver</span>
                <span class="method-start">164794 ms</span>
              </div> <!-- configuration-method before -->
              <div class="configuration-method before">
                <span class="method-name">openBrowser</span>
                <span class="method-start">165903 ms</span>
              </div> <!-- configuration-method before -->
              <div class="test-method">
                <span class="method-name">rbuscares_donateanonymously</span>
                <span class="method-start">168331 ms</span>
              </div> <!-- test-method -->
              <div class="configuration-method after">
                <span class="method-name">attachScreenshot([TestResult name=rbuscares_donateanonymously status=SUCCESS method=HomePageTest.rbuscares_donateanon...)</span>
                <span class="method-start">170780 ms</span>
              </div> <!-- configuration-method after -->
              <div class="configuration-method after">
                <span class="method-name">closeBrowser</span>
                <span class="method-start">170781 ms</span>
              </div> <!-- configuration-method after -->
              <div class="configuration-method after">
                <span class="method-name">reportclose</span>
                <span class="method-start">170781 ms</span>
              </div> <!-- configuration-method after -->
              <div class="configuration-method before">
                <span class="method-name">intializeWebDriver</span>
                <span class="method-start">171393 ms</span>
              </div> <!-- configuration-method before -->
              <div class="configuration-method before">
                <span class="method-name">openBrowser</span>
                <span class="method-start">172442 ms</span>
              </div> <!-- configuration-method before -->
              <div class="test-method">
                <span class="method-name">rbuscares_navigatePaymentGateway</span>
                <span class="method-start">174914 ms</span>
              </div> <!-- test-method -->
              <div class="configuration-method after">
                <span class="method-name">attachScreenshot([TestResult name=rbuscares_navigatePaymentGateway status=SUCCESS method=HomePageTest.rbuscares_navig...)</span>
                <span class="method-start">184622 ms</span>
              </div> <!-- configuration-method after -->
              <div class="configuration-method after">
                <span class="method-name">closeBrowser</span>
                <span class="method-start">184623 ms</span>
              </div> <!-- configuration-method after -->
              <div class="configuration-method after">
                <span class="method-name">reportclose</span>
                <span class="method-start">184623 ms</span>
              </div> <!-- configuration-method after -->
              <div class="configuration-method before">
                <span class="method-name">intializeWebDriver</span>
                <span class="method-start">185249 ms</span>
              </div> <!-- configuration-method before -->
              <div class="configuration-method before">
                <span class="method-name">openBrowser</span>
                <span class="method-start">186303 ms</span>
              </div> <!-- configuration-method before -->
              <div class="test-method">
                <span class="method-name">rbuscares_toDonateCustomAmount</span>
                <span class="method-start">189700 ms</span>
              </div> <!-- test-method -->
              <div class="configuration-method after">
                <span class="method-name">attachScreenshot([TestResult name=rbuscares_toDonateCustomAmount status=SUCCESS method=HomePageTest.rbuscares_toDonat...)</span>
                <span class="method-start">191792 ms</span>
              </div> <!-- configuration-method after -->
              <div class="configuration-method after">
                <span class="method-name">reportclose</span>
                <span class="method-start">191792 ms</span>
              </div> <!-- configuration-method after -->
              <div class="configuration-method after">
                <span class="method-name">closeBrowser</span>
                <span class="method-start">191794 ms</span>
              </div> <!-- configuration-method after -->
            </div> <!-- chronological-class -->
            <div class="chronological-class">
              <div class="chronological-class-name">com.redbus.tests.LoginTest</div> <!-- chronological-class-name -->
              <div class="configuration-method before">
                <span class="method-name">intializeWebDriver</span>
                <span class="method-start">192493 ms</span>
              </div> <!-- configuration-method before -->
              <div class="configuration-method before">
                <span class="method-name">openBrowser</span>
                <span class="method-start">193665 ms</span>
              </div> <!-- configuration-method before -->
              <div class="test-method">
                <span class="method-name">invalid_login_PhoneNumber</span>
                <span class="method-start">197330 ms</span>
              </div> <!-- test-method -->
              <div class="configuration-method after">
                <span class="method-name">attachScreenshot([TestResult name=invalid_login_PhoneNumber status=SUCCESS method=LoginTest.invalid_login_PhoneNumber...)</span>
                <span class="method-start">200144 ms</span>
              </div> <!-- configuration-method after -->
              <div class="configuration-method after">
                <span class="method-name">reportclose</span>
                <span class="method-start">200144 ms</span>
              </div> <!-- configuration-method after -->
              <div class="configuration-method after">
                <span class="method-name">closeBrowser</span>
                <span class="method-start">200145 ms</span>
              </div> <!-- configuration-method after -->
              <div class="configuration-method before">
                <span class="method-name">intializeWebDriver</span>
                <span class="method-start">200799 ms</span>
              </div> <!-- configuration-method before -->
              <div class="configuration-method before">
                <span class="method-name">openBrowser</span>
                <span class="method-start">201845 ms</span>
              </div> <!-- configuration-method before -->
              <div class="test-method">
                <img src="failed.png">
                </img>
                <span class="method-name">valid_loginCheck</span>
                <span class="method-start">205472 ms</span>
              </div> <!-- test-method -->
              <div class="configuration-method after">
                <span class="method-name">attachScreenshot([TestResult name=valid_loginCheck status=FAILURE method=LoginTest.valid_loginCheck()[pri:0, instance...)</span>
                <span class="method-start">237848 ms</span>
              </div> <!-- configuration-method after -->
              <div class="configuration-method after">
                <span class="method-name">closeBrowser</span>
                <span class="method-start">238125 ms</span>
              </div> <!-- configuration-method after -->
              <div class="configuration-method after">
                <span class="method-name">reportclose</span>
                <span class="method-start">238125 ms</span>
              </div> <!-- configuration-method after -->
              <div class="configuration-method before">
                <span class="method-name">intializeWebDriver</span>
                <span class="method-start">238741 ms</span>
              </div> <!-- configuration-method before -->
              <div class="configuration-method before">
                <span class="method-name">openBrowser</span>
                <span class="method-start">239783 ms</span>
              </div> <!-- configuration-method before -->
              <div class="test-method">
                <img src="failed.png">
                </img>
                <span class="method-name">valid_login_wrongEmail</span>
                <span class="method-start">242223 ms</span>
              </div> <!-- test-method -->
              <div class="configuration-method after">
                <span class="method-name">attachScreenshot([TestResult name=valid_login_wrongEmail status=FAILURE method=LoginTest.valid_login_wrongEmail()[pri...)</span>
                <span class="method-start">275156 ms</span>
              </div> <!-- configuration-method after -->
              <div class="configuration-method after">
                <span class="method-name">closeBrowser</span>
                <span class="method-start">275418 ms</span>
              </div> <!-- configuration-method after -->
              <div class="configuration-method after">
                <span class="method-name">reportclose</span>
                <span class="method-start">275418 ms</span>
              </div> <!-- configuration-method after -->
              <div class="configuration-method before">
                <span class="method-name">intializeWebDriver</span>
                <span class="method-start">276045 ms</span>
              </div> <!-- configuration-method before -->
              <div class="configuration-method before">
                <span class="method-name">openBrowser</span>
                <span class="method-start">277112 ms</span>
              </div> <!-- configuration-method before -->
              <div class="test-method">
                <img src="failed.png">
                </img>
                <span class="method-name">valid_login_wrongPassword</span>
                <span class="method-start">279929 ms</span>
              </div> <!-- test-method -->
              <div class="configuration-method after">
                <span class="method-name">attachScreenshot([TestResult name=valid_login_wrongPassword status=FAILURE method=LoginTest.valid_login_wrongPassword...)</span>
                <span class="method-start">311732 ms</span>
              </div> <!-- configuration-method after -->
              <div class="configuration-method after">
                <span class="method-name">closeBrowser</span>
                <span class="method-start">312078 ms</span>
              </div> <!-- configuration-method after -->
              <div class="configuration-method after">
                <span class="method-name">reportclose</span>
                <span class="method-start">312078 ms</span>
              </div> <!-- configuration-method after -->
            </div> <!-- chronological-class -->
            <div class="chronological-class">
              <div class="chronological-class-name">com.redbus.tests.TicketDetailsTest</div> <!-- chronological-class-name -->
              <div class="configuration-method before">
                <span class="method-name">intializeWebDriver</span>
                <span class="method-start">312723 ms</span>
              </div> <!-- configuration-method before -->
              <div class="configuration-method before">
                <span class="method-name">openBrowser</span>
                <span class="method-start">313839 ms</span>
              </div> <!-- configuration-method before -->
              <div class="test-method">
                <span class="method-name">invalid_togetETicket</span>
                <span class="method-start">317580 ms</span>
              </div> <!-- test-method -->
              <div class="configuration-method after">
                <span class="method-name">attachScreenshot([TestResult name=invalid_togetETicket status=SUCCESS method=TicketDetailsTest.invalid_togetETicket()...)</span>
                <span class="method-start">319648 ms</span>
              </div> <!-- configuration-method after -->
              <div class="configuration-method after">
                <span class="method-name">reportclose</span>
                <span class="method-start">319648 ms</span>
              </div> <!-- configuration-method after -->
              <div class="configuration-method after">
                <span class="method-name">closeBrowser</span>
                <span class="method-start">319649 ms</span>
              </div> <!-- configuration-method after -->
              <div class="configuration-method before">
                <span class="method-name">intializeWebDriver</span>
                <span class="method-start">320262 ms</span>
              </div> <!-- configuration-method before -->
              <div class="configuration-method before">
                <span class="method-name">openBrowser</span>
                <span class="method-start">321377 ms</span>
              </div> <!-- configuration-method before -->
              <div class="test-method">
                <span class="method-name">invalid_togetETicket1</span>
                <span class="method-start">324207 ms</span>
              </div> <!-- test-method -->
              <div class="configuration-method after">
                <span class="method-name">attachScreenshot([TestResult name=invalid_togetETicket1 status=SUCCESS method=TicketDetailsTest.invalid_togetETicket1...)</span>
                <span class="method-start">326364 ms</span>
              </div> <!-- configuration-method after -->
              <div class="configuration-method after">
                <span class="method-name">reportclose</span>
                <span class="method-start">326364 ms</span>
              </div> <!-- configuration-method after -->
              <div class="configuration-method after">
                <span class="method-name">closeBrowser</span>
                <span class="method-start">326365 ms</span>
              </div> <!-- configuration-method after -->
              <div class="configuration-method before">
                <span class="method-name">intializeWebDriver</span>
                <span class="method-start">326974 ms</span>
              </div> <!-- configuration-method before -->
              <div class="configuration-method before">
                <span class="method-name">openBrowser</span>
                <span class="method-start">327994 ms</span>
              </div> <!-- configuration-method before -->
              <div class="test-method">
                <span class="method-name">invalid_togetETicket2</span>
                <span class="method-start">331894 ms</span>
              </div> <!-- test-method -->
              <div class="configuration-method after">
                <span class="method-name">attachScreenshot([TestResult name=invalid_togetETicket2 status=SUCCESS method=TicketDetailsTest.invalid_togetETicket2...)</span>
                <span class="method-start">333385 ms</span>
              </div> <!-- configuration-method after -->
              <div class="configuration-method after">
                <span class="method-name">closeBrowser</span>
                <span class="method-start">333386 ms</span>
              </div> <!-- configuration-method after -->
              <div class="configuration-method after">
                <span class="method-name">reportclose</span>
                <span class="method-start">333386 ms</span>
              </div> <!-- configuration-method after -->
              <div class="configuration-method before">
                <span class="method-name">intializeWebDriver</span>
                <span class="method-start">333987 ms</span>
              </div> <!-- configuration-method before -->
              <div class="configuration-method before">
                <span class="method-name">openBrowser</span>
                <span class="method-start">335031 ms</span>
              </div> <!-- configuration-method before -->
              <div class="test-method">
                <span class="method-name">valid_togetETicket</span>
                <span class="method-start">337434 ms</span>
              </div> <!-- test-method -->
              <div class="configuration-method after">
                <span class="method-name">attachScreenshot([TestResult name=valid_togetETicket status=SUCCESS method=TicketDetailsTest.valid_togetETicket()[pri...)</span>
                <span class="method-start">339740 ms</span>
              </div> <!-- configuration-method after -->
              <div class="configuration-method after">
                <span class="method-name">reportclose</span>
                <span class="method-start">339740 ms</span>
              </div> <!-- configuration-method after -->
              <div class="configuration-method after">
                <span class="method-name">closeBrowser</span>
                <span class="method-start">339741 ms</span>
              </div> <!-- configuration-method after -->
            </div> <!-- chronological-class -->
            <div class="chronological-class">
              <div class="chronological-class-name">com.redbus.tests.NavBarTest</div> <!-- chronological-class-name -->
              <div class="configuration-method before">
                <span class="method-name">intializeWebDriver</span>
                <span class="method-start">340341 ms</span>
              </div> <!-- configuration-method before -->
              <div class="configuration-method before">
                <span class="method-name">openBrowser</span>
                <span class="method-start">341367 ms</span>
              </div> <!-- configuration-method before -->
              <div class="test-method">
                <span class="method-name">busHire</span>
                <span class="method-start">344433 ms</span>
              </div> <!-- test-method -->
              <div class="configuration-method after">
                <span class="method-name">attachScreenshot([TestResult name=busHire status=SUCCESS method=NavBarTest.busHire()[pri:0, instance:com.redbus.tests...)</span>
                <span class="method-start">347159 ms</span>
              </div> <!-- configuration-method after -->
              <div class="configuration-method after">
                <span class="method-name">closeBrowser</span>
                <span class="method-start">347160 ms</span>
              </div> <!-- configuration-method after -->
              <div class="configuration-method after">
                <span class="method-name">reportclose</span>
                <span class="method-start">347160 ms</span>
              </div> <!-- configuration-method after -->
              <div class="configuration-method before">
                <span class="method-name">intializeWebDriver</span>
                <span class="method-start">347937 ms</span>
              </div> <!-- configuration-method before -->
              <div class="configuration-method before">
                <span class="method-name">openBrowser</span>
                <span class="method-start">348993 ms</span>
              </div> <!-- configuration-method before -->
              <div class="test-method">
                <span class="method-name">busTicket</span>
                <span class="method-start">352395 ms</span>
              </div> <!-- test-method -->
              <div class="configuration-method after">
                <span class="method-name">attachScreenshot([TestResult name=busTicket status=SUCCESS method=NavBarTest.busTicket()[pri:0, instance:com.redbus.t...)</span>
                <span class="method-start">354845 ms</span>
              </div> <!-- configuration-method after -->
              <div class="configuration-method after">
                <span class="method-name">closeBrowser</span>
                <span class="method-start">354845 ms</span>
              </div> <!-- configuration-method after -->
              <div class="configuration-method after">
                <span class="method-name">reportclose</span>
                <span class="method-start">354845 ms</span>
              </div> <!-- configuration-method after -->
              <div class="configuration-method before">
                <span class="method-name">intializeWebDriver</span>
                <span class="method-start">355458 ms</span>
              </div> <!-- configuration-method before -->
              <div class="configuration-method before">
                <span class="method-name">openBrowser</span>
                <span class="method-start">356526 ms</span>
              </div> <!-- configuration-method before -->
              <div class="test-method">
                <span class="method-name">rPool</span>
                <span class="method-start">359374 ms</span>
              </div> <!-- test-method -->
              <div class="configuration-method after">
                <span class="method-name">attachScreenshot([TestResult name=rPool status=SUCCESS method=NavBarTest.rPool()[pri:0, instance:com.redbus.tests.Nav...)</span>
                <span class="method-start">360497 ms</span>
              </div> <!-- configuration-method after -->
              <div class="configuration-method after">
                <span class="method-name">closeBrowser</span>
                <span class="method-start">360497 ms</span>
              </div> <!-- configuration-method after -->
              <div class="configuration-method after">
                <span class="method-name">reportclose</span>
                <span class="method-start">360497 ms</span>
              </div> <!-- configuration-method after -->
              <div class="configuration-method before">
                <span class="method-name">intializeWebDriver</span>
                <span class="method-start">361108 ms</span>
              </div> <!-- configuration-method before -->
              <div class="configuration-method before">
                <span class="method-name">openBrowser</span>
                <span class="method-start">362160 ms</span>
              </div> <!-- configuration-method before -->
              <div class="test-method">
                <span class="method-name">redBusLogo</span>
                <span class="method-start">365700 ms</span>
              </div> <!-- test-method -->
              <div class="configuration-method after">
                <span class="method-name">attachScreenshot([TestResult name=redBusLogo status=SUCCESS method=NavBarTest.redBusLogo()[pri:0, instance:com.redbus...)</span>
                <span class="method-start">366430 ms</span>
              </div> <!-- configuration-method after -->
              <div class="configuration-method after">
                <span class="method-name">reportclose</span>
                <span class="method-start">366430 ms</span>
              </div> <!-- configuration-method after -->
              <div class="configuration-method after">
                <span class="method-name">closeBrowser</span>
                <span class="method-start">366431 ms</span>
              </div> <!-- configuration-method after -->
            </div> <!-- chronological-class -->
            <div class="chronological-class">
              <div class="chronological-class-name">com.redbus.tests.BusHireTest</div> <!-- chronological-class-name -->
              <div class="configuration-suite after">
                <span class="method-name">endReport</span>
                <span class="method-start">367074 ms</span>
              </div> <!-- configuration-suite after -->
          </div> <!-- main-panel-content rounded-window-bottom -->
        </div> <!-- panel -->
      </div> <!-- main-panel-root -->
    </div> <!-- wrapper -->
  </body>
</html>
